1521777012.422658 INFO: [Main] NFD version 0.6.1-15-g3cf75dc starting
1521777012.422694 INFO: [Main] Built with GNU C++ version 4.9.4, with GNU libstdc++ version 20160726, with Boost version 1.55.0, with libpcap version 1.5.3, without WebSocket++, with ndn-cxx version 0.6.1-commit-92e4d5c
1521777012.448864 INFO: [RibManager] Start monitoring face create/destroy events
1521777012.468734 DEBUG: [RibManager] Successfully registered /localhost/nfd with NFD
1521777012.468873 TRACE: [RibManager] onNotification: FaceEvent(Kind: created,
          FaceId: 256,
          RemoteUri: fd://20,
          LocalUri: unix:///run/c.sock,
          FaceScope: local,
          FacePersistency: on-demand,
          LinkType: point-to-point,
          Flags: 0x4
          )
1521777012.469032 DEBUG: [RibManager] Local fields enabled
1521777015.404144 TRACE: [RibManager] onNotification: FaceEvent(Kind: created,
          FaceId: 257,
          RemoteUri: fd://21,
          LocalUri: unix:///run/c.sock,
          FaceScope: local,
          FacePersistency: on-demand,
          LinkType: point-to-point,
          Flags: 0x4
          )
1521777015.412870 TRACE: [RibManager] onNotification: FaceEvent(Kind: created,
          FaceId: 258,
          RemoteUri: udp4://1.0.0.5:6363,
          LocalUri: udp4://1.0.0.6:6363,
          FaceScope: non-local,
          FacePersistency: permanent,
          LinkType: point-to-point,
          Flags: 0x4
          )
1521777015.416786 TRACE: [RibManager] onNotification: FaceEvent(Kind: destroyed,
          FaceId: 257,
          RemoteUri: fd://21,
          LocalUri: unix:///run/c.sock,
          FaceScope: local,
          FacePersistency: on-demand,
          LinkType: point-to-point,
          Flags: 0x4
          )
1521777015.416819 DEBUG: [RibManager] Received notification for destroyed faceId: 257
1521777015.486771 TRACE: [RibManager] onNotification: FaceEvent(Kind: created,
          FaceId: 259,
          RemoteUri: fd://21,
          LocalUri: unix:///run/c.sock,
          FaceScope: local,
          FacePersistency: on-demand,
          LinkType: point-to-point,
          Flags: 0x4
          )
1521777015.493234 INFO: [RibManager] Adding route /localhop/ndn/NLSR/sync/%FD%04 nexthop=259 origin=app cost=0
1521777015.509523 INFO: [RibManager] Adding route /localhop/ndn/NLSR/LSA/c-site/%C1.Router/cs/c/NAME nexthop=259 origin=app cost=0
1521777015.513447 INFO: [RibManager] Adding route /localhop/ndn/NLSR/LSA/c-site/%C1.Router/cs/c/COORDINATE nexthop=259 origin=app cost=0
1521777015.517282 INFO: [RibManager] Adding route /ndn/c-site/%C1.Router/cs/c/NLSR/INFO nexthop=259 origin=app cost=0
1521777015.521120 INFO: [RibManager] Adding route /localhop/ndn/NLSR/LSA nexthop=259 origin=app cost=0
1521777015.524666 INFO: [RibManager] Adding route /ndn/c-site/%C1.Router/cs/c/NLSR/KEY nexthop=259 origin=app cost=0
1521777015.528212 INFO: [RibManager] Adding route /ndn/c-site/%C1.Router/cs/c/KEY nexthop=259 origin=app cost=0
1521777015.531768 INFO: [RibManager] Adding route /ndn/c-site/%C1.Operator nexthop=259 origin=app cost=0
1521777015.535141 INFO: [RibManager] Adding route /ndn/c-site/KEY nexthop=259 origin=app cost=0
1521777015.538453 INFO: [RibManager] Adding route /localhost/nlsr nexthop=259 origin=app cost=0
1521777015.538637 DEBUG: [RibManager] RIB update succeeded for RibUpdate {
  Name: /localhop/ndn/NLSR/sync/%FD%04
  Action: REGISTER
  Route(faceid: 259, origin: app, cost: 0, flags: 0x1, never expires)
}
1521777015.545334 INFO: [RibManager] Adding route /ndn/a-site/%C1.Router/cs/a nexthop=258 origin=nlsr cost=0
1521777015.548435 INFO: [RibManager] Adding route /localhop/ndn/NLSR/sync/%FD%04 nexthop=258 origin=nlsr cost=0
1521777015.551523 INFO: [RibManager] Adding route /localhop/ndn/NLSR/LSA nexthop=258 origin=nlsr cost=0
1521777015.556783 DEBUG: [RibManager] RIB update succeeded for RibUpdate {
  Name: /localhop/ndn/NLSR/LSA/c-site/%C1.Router/cs/c/NAME
  Action: REGISTER
  Route(faceid: 259, origin: app, cost: 0, flags: 0x1, never expires)
}
1521777015.564561 DEBUG: [RibManager] RIB update succeeded for RibUpdate {
  Name: /localhop/ndn/NLSR/LSA/c-site/%C1.Router/cs/c/COORDINATE
  Action: REGISTER
  Route(faceid: 259, origin: app, cost: 0, flags: 0x1, never expires)
}
1521777015.571995 DEBUG: [RibManager] RIB update succeeded for RibUpdate {
  Name: /ndn/c-site/%C1.Router/cs/c/NLSR/INFO
  Action: REGISTER
  Route(faceid: 259, origin: app, cost: 0, flags: 0x2, never expires)
}
1521777015.579064 DEBUG: [RibManager] RIB update succeeded for RibUpdate {
  Name: /localhop/ndn/NLSR/LSA
  Action: REGISTER
  Route(faceid: 259, origin: app, cost: 0, flags: 0x2, never expires)
}
1521777015.586029 DEBUG: [RibManager] RIB update succeeded for RibUpdate {
  Name: /ndn/c-site/%C1.Router/cs/c/NLSR/KEY
  Action: REGISTER
  Route(faceid: 259, origin: app, cost: 0, flags: 0x2, never expires)
}
1521777015.592946 DEBUG: [RibManager] RIB update succeeded for RibUpdate {
  Name: /ndn/c-site/%C1.Router/cs/c/KEY
  Action: REGISTER
  Route(faceid: 259, origin: app, cost: 0, flags: 0x2, never expires)
}
1521777015.599411 DEBUG: [RibManager] RIB update succeeded for RibUpdate {
  Name: /ndn/c-site/%C1.Operator
  Action: REGISTER
  Route(faceid: 259, origin: app, cost: 0, flags: 0x2, never expires)
}
1521777015.605777 DEBUG: [RibManager] RIB update succeeded for RibUpdate {
  Name: /ndn/c-site/KEY
  Action: REGISTER
  Route(faceid: 259, origin: app, cost: 0, flags: 0x2, never expires)
}
1521777015.611885 DEBUG: [RibManager] RIB update succeeded for RibUpdate {
  Name: /localhost/nlsr
  Action: REGISTER
  Route(faceid: 259, origin: app, cost: 0, flags: 0x1, never expires)
}
1521777015.617968 DEBUG: [RibManager] RIB update succeeded for RibUpdate {
  Name: /ndn/a-site/%C1.Router/cs/a
  Action: REGISTER
  Route(faceid: 258, origin: nlsr, cost: 0, flags: 0x2, never expires)
}
1521777015.623847 DEBUG: [RibManager] RIB update succeeded for RibUpdate {
  Name: /localhop/ndn/NLSR/sync/%FD%04
  Action: REGISTER
  Route(faceid: 258, origin: nlsr, cost: 0, flags: 0x2, never expires)
}
1521777015.629700 DEBUG: [RibManager] RIB update succeeded for RibUpdate {
  Name: /localhop/ndn/NLSR/LSA
  Action: REGISTER
  Route(faceid: 258, origin: nlsr, cost: 0, flags: 0x2, never expires)
}
1521777018.655028 TRACE: [RibManager] onNotification: FaceEvent(Kind: created,
          FaceId: 260,
          RemoteUri: fd://23,
          LocalUri: unix:///run/c.sock,
          FaceScope: local,
          FacePersistency: on-demand,
          LinkType: point-to-point,
          Flags: 0x4
          )
1521777018.664188 TRACE: [RibManager] onNotification: FaceEvent(Kind: destroyed,
          FaceId: 260,
          RemoteUri: fd://23,
          LocalUri: unix:///run/c.sock,
          FaceScope: local,
          FacePersistency: on-demand,
          LinkType: point-to-point,
          Flags: 0x4
          )
1521777018.664221 DEBUG: [RibManager] Received notification for destroyed faceId: 260
1521777019.187640 TRACE: [RibManager] onNotification: FaceEvent(Kind: created,
          FaceId: 261,
          RemoteUri: fd://23,
          LocalUri: unix:///run/c.sock,
          FaceScope: local,
          FacePersistency: on-demand,
          LinkType: point-to-point,
          Flags: 0x4
          )
1521777019.191975 INFO: [RibManager] Adding route /ndn/c-site/c/ping nexthop=261 origin=app cost=0
1521777019.200612 DEBUG: [RibManager] RIB update succeeded for RibUpdate {
  Name: /ndn/c-site/c/ping
  Action: REGISTER
  Route(faceid: 261, origin: app, cost: 0, flags: 0x1, never expires)
}
1521777019.356664 TRACE: [RibManager] onNotification: FaceEvent(Kind: created,
          FaceId: 262,
          RemoteUri: ether://[01:00:5e:00:17:aa],
          LocalUri: dev://c-eth0,
          FaceScope: non-local,
          FacePersistency: permanent,
          LinkType: multi-access,
          Flags: 0x0
          )
1521777019.357178 TRACE: [RibManager] onNotification: FaceEvent(Kind: created,
          FaceId: 263,
          RemoteUri: udp4://224.0.23.170:56363,
          LocalUri: udp4://1.0.0.6:57988,
          FaceScope: non-local,
          FacePersistency: permanent,
          LinkType: multi-access,
          Flags: 0x4
          )
1521777019.357646 TRACE: [RibManager] onNotification: FaceEvent(Kind: created,
          FaceId: 264,
          RemoteUri: udp6://[ff02::1234%2]:56363,
          LocalUri: udp6://[fe80::e074:2ff:fe9f:9b37%c-eth0]:54847,
          FaceScope: non-local,
          FacePersistency: permanent,
          LinkType: multi-access,
          Flags: 0x4
          )
1521777044.026197 TRACE: [RibManager] Scheduled unregistration at: 4337254697827965 nanoseconds since boot with EventId: 0x7f4ca80214a0
1521777044.026279 INFO: [RibManager] Adding route /ndn/a-site/a nexthop=258 origin=nlsr cost=0
1521777044.034872 DEBUG: [RibManager] RIB update succeeded for RibUpdate {
  Name: /ndn/a-site/a
  Action: REGISTER
  Route(faceid: 258, origin: nlsr, cost: 0, flags: 0x2, expires in: 3609991 milliseconds)
}
1521777059.032469 TRACE: [RibManager] Scheduled unregistration at: 4337269704099798 nanoseconds since boot with EventId: 0x7f4ca8025bc0
1521777059.032518 INFO: [RibManager] Adding route /ndn/d-site/d nexthop=258 origin=nlsr cost=1336
1521777059.040205 DEBUG: [RibManager] RIB update succeeded for RibUpdate {
  Name: /ndn/d-site/d
  Action: REGISTER
  Route(faceid: 258, origin: nlsr, cost: 1336, flags: 0x2, expires in: 3609992 milliseconds)
}
1521777059.044535 TRACE: [RibManager] Scheduled unregistration at: 4337269716167424 nanoseconds since boot with EventId: 0x7f4ca802b9e0
1521777059.044581 INFO: [RibManager] Adding route /ndn/d-site/%C1.Router/cs/d nexthop=258 origin=nlsr cost=1336
1521777059.052157 TRACE: [RibManager] Scheduled unregistration at: 4337269723795873 nanoseconds since boot with EventId: 0x7f4ca802b470
1521777059.052194 INFO: [RibManager] Adding route /ndn/b-site/b nexthop=258 origin=nlsr cost=554
1521777059.055989 TRACE: [RibManager] Scheduled unregistration at: 4337269727627914 nanoseconds since boot with EventId: 0x7f4ca8038b30
1521777059.056023 INFO: [RibManager] Adding route /ndn/b-site/%C1.Router/cs/b nexthop=258 origin=nlsr cost=554
1521777059.060989 DEBUG: [RibManager] RIB update succeeded for RibUpdate {
  Name: /ndn/d-site/%C1.Router/cs/d
  Action: REGISTER
  Route(faceid: 258, origin: nlsr, cost: 1336, flags: 0x2, expires in: 3609983 milliseconds)
}
1521777059.069352 DEBUG: [RibManager] RIB update succeeded for RibUpdate {
  Name: /ndn/b-site/b
  Action: REGISTER
  Route(faceid: 258, origin: nlsr, cost: 554, flags: 0x2, expires in: 3609982 milliseconds)
}
1521777059.077214 DEBUG: [RibManager] RIB update succeeded for RibUpdate {
  Name: /ndn/b-site/%C1.Router/cs/b
  Action: REGISTER
  Route(faceid: 258, origin: nlsr, cost: 554, flags: 0x2, expires in: 3609978 milliseconds)
}
1521777079.883292 TRACE: [RibManager] onNotification: FaceEvent(Kind: created,
          FaceId: 265,
          RemoteUri: fd://24,
          LocalUri: unix:///run/c.sock,
          FaceScope: local,
          FacePersistency: on-demand,
          LinkType: point-to-point,
          Flags: 0x4
          )
1521777079.893003 TRACE: [RibManager] onNotification: FaceEvent(Kind: destroyed,
          FaceId: 265,
          RemoteUri: fd://24,
          LocalUri: unix:///run/c.sock,
          FaceScope: local,
          FacePersistency: on-demand,
          LinkType: point-to-point,
          Flags: 0x4
          )
1521777079.893034 DEBUG: [RibManager] Received notification for destroyed faceId: 265
1521777079.909531 TRACE: [RibManager] onNotification: FaceEvent(Kind: created,
          FaceId: 266,
          RemoteUri: fd://24,
          LocalUri: unix:///run/c.sock,
          FaceScope: local,
          FacePersistency: on-demand,
          LinkType: point-to-point,
          Flags: 0x4
          )
1521777079.914163 TRACE: [RibManager] onNotification: FaceEvent(Kind: destroyed,
          FaceId: 266,
          RemoteUri: fd://24,
          LocalUri: unix:///run/c.sock,
          FaceScope: local,
          FacePersistency: on-demand,
          LinkType: point-to-point,
          Flags: 0x4
          )
1521777079.914193 DEBUG: [RibManager] Received notification for destroyed faceId: 266
1521777081.185604 TRACE: [RibManager] onNotification: FaceEvent(Kind: created,
          FaceId: 267,
          RemoteUri: fd://24,
          LocalUri: unix:///run/c.sock,
          FaceScope: local,
          FacePersistency: on-demand,
          LinkType: point-to-point,
          Flags: 0x4
          )
1521777081.386701 TRACE: [RibManager] onNotification: FaceEvent(Kind: created,
          FaceId: 268,
          RemoteUri: fd://33,
          LocalUri: unix:///run/c.sock,
          FaceScope: local,
          FacePersistency: on-demand,
          LinkType: point-to-point,
          Flags: 0x4
          )
1521777081.587837 TRACE: [RibManager] onNotification: FaceEvent(Kind: created,
          FaceId: 269,
          RemoteUri: fd://34,
          LocalUri: unix:///run/c.sock,
          FaceScope: local,
          FacePersistency: on-demand,
          LinkType: point-to-point,
          Flags: 0x4
          )
