1521776924.210598 INFO: [Main] NFD version 0.6.1-15-g3cf75dc starting
1521776924.210636 INFO: [Main] Built with GNU C++ version 4.9.4, with GNU libstdc++ version 20160726, with Boost version 1.55.0, with libpcap version 1.5.3, without WebSocket++, with ndn-cxx version 0.6.1-commit-92e4d5c
1521776924.237129 INFO: [RibManager] Start monitoring face create/destroy events
1521776924.257063 DEBUG: [RibManager] Successfully registered /localhost/nfd with NFD
1521776924.257198 TRACE: [RibManager] onNotification: FaceEvent(Kind: created,
          FaceId: 256,
          RemoteUri: fd://20,
          LocalUri: unix:///run/b.sock,
          FaceScope: local,
          FacePersistency: on-demand,
          LinkType: point-to-point,
          Flags: 0x4
          )
1521776924.257364 DEBUG: [RibManager] Local fields enabled
1521776926.234991 TRACE: [RibManager] onNotification: FaceEvent(Kind: created,
          FaceId: 257,
          RemoteUri: fd://21,
          LocalUri: unix:///run/b.sock,
          FaceScope: local,
          FacePersistency: on-demand,
          LinkType: point-to-point,
          Flags: 0x4
          )
1521776926.243716 TRACE: [RibManager] onNotification: FaceEvent(Kind: created,
          FaceId: 258,
          RemoteUri: udp4://1.0.0.1:6363,
          LocalUri: udp4://1.0.0.2:6363,
          FaceScope: non-local,
          FacePersistency: permanent,
          LinkType: point-to-point,
          Flags: 0x4
          )
1521776926.248006 TRACE: [RibManager] onNotification: FaceEvent(Kind: destroyed,
          FaceId: 257,
          RemoteUri: fd://21,
          LocalUri: unix:///run/b.sock,
          FaceScope: local,
          FacePersistency: on-demand,
          LinkType: point-to-point,
          Flags: 0x4
          )
1521776926.248038 DEBUG: [RibManager] Received notification for destroyed faceId: 257
1521776926.271105 TRACE: [RibManager] onNotification: FaceEvent(Kind: created,
          FaceId: 259,
          RemoteUri: fd://21,
          LocalUri: unix:///run/b.sock,
          FaceScope: local,
          FacePersistency: on-demand,
          LinkType: point-to-point,
          Flags: 0x4
          )
1521776926.279192 TRACE: [RibManager] onNotification: FaceEvent(Kind: created,
          FaceId: 260,
          RemoteUri: udp4://1.0.0.10:6363,
          LocalUri: udp4://1.0.0.9:6363,
          FaceScope: non-local,
          FacePersistency: permanent,
          LinkType: point-to-point,
          Flags: 0x4
          )
1521776926.283298 TRACE: [RibManager] onNotification: FaceEvent(Kind: destroyed,
          FaceId: 259,
          RemoteUri: fd://21,
          LocalUri: unix:///run/b.sock,
          FaceScope: local,
          FacePersistency: on-demand,
          LinkType: point-to-point,
          Flags: 0x4
          )
1521776926.283333 DEBUG: [RibManager] Received notification for destroyed faceId: 259
1521776926.351573 TRACE: [RibManager] onNotification: FaceEvent(Kind: created,
          FaceId: 261,
          RemoteUri: fd://21,
          LocalUri: unix:///run/b.sock,
          FaceScope: local,
          FacePersistency: on-demand,
          LinkType: point-to-point,
          Flags: 0x4
          )
1521776926.358020 INFO: [RibManager] Adding route /localhop/ndn/NLSR/sync/%FD%04 nexthop=261 origin=app cost=0
1521776926.373721 INFO: [RibManager] Adding route /localhop/ndn/NLSR/LSA/b-site/%C1.Router/cs/b/NAME nexthop=261 origin=app cost=0
1521776926.377127 INFO: [RibManager] Adding route /localhop/ndn/NLSR/LSA/b-site/%C1.Router/cs/b/ADJACENCY nexthop=261 origin=app cost=0
1521776926.380731 INFO: [RibManager] Adding route /ndn/b-site/%C1.Router/cs/b/NLSR/INFO nexthop=261 origin=app cost=0
1521776926.384270 INFO: [RibManager] Adding route /localhop/ndn/NLSR/LSA nexthop=261 origin=app cost=0
1521776926.387643 INFO: [RibManager] Adding route /ndn/b-site/%C1.Router/cs/b/NLSR/KEY nexthop=261 origin=app cost=0
1521776926.390815 INFO: [RibManager] Adding route /ndn/b-site/%C1.Router/cs/b/KEY nexthop=261 origin=app cost=0
1521776926.393948 INFO: [RibManager] Adding route /ndn/b-site/%C1.Operator nexthop=261 origin=app cost=0
1521776926.397248 INFO: [RibManager] Adding route /ndn/b-site/KEY nexthop=261 origin=app cost=0
1521776926.400336 INFO: [RibManager] Adding route /localhost/nlsr nexthop=261 origin=app cost=0
1521776926.400517 DEBUG: [RibManager] RIB update succeeded for RibUpdate {
  Name: /localhop/ndn/NLSR/sync/%FD%04
  Action: REGISTER
  Route(faceid: 261, origin: app, cost: 0, flags: 0x1, never expires)
}
1521776926.406790 INFO: [RibManager] Adding route /ndn/a-site/%C1.Router/cs/a nexthop=258 origin=nlsr cost=19
1521776926.409821 INFO: [RibManager] Adding route /localhop/ndn/NLSR/sync/%FD%04 nexthop=258 origin=nlsr cost=19
1521776926.412743 INFO: [RibManager] Adding route /localhop/ndn/NLSR/LSA nexthop=258 origin=nlsr cost=19
1521776926.415642 INFO: [RibManager] Adding route /ndn/d-site/%C1.Router/cs/d nexthop=260 origin=nlsr cost=45
1521776926.418551 INFO: [RibManager] Adding route /localhop/ndn/NLSR/sync/%FD%04 nexthop=260 origin=nlsr cost=45
1521776926.421415 INFO: [RibManager] Adding route /localhop/ndn/NLSR/LSA nexthop=260 origin=nlsr cost=45
1521776926.426522 DEBUG: [RibManager] RIB update succeeded for RibUpdate {
  Name: /localhop/ndn/NLSR/LSA/b-site/%C1.Router/cs/b/NAME
  Action: REGISTER
  Route(faceid: 261, origin: app, cost: 0, flags: 0x1, never expires)
}
1521776926.433909 DEBUG: [RibManager] RIB update succeeded for RibUpdate {
  Name: /localhop/ndn/NLSR/LSA/b-site/%C1.Router/cs/b/ADJACENCY
  Action: REGISTER
  Route(faceid: 261, origin: app, cost: 0, flags: 0x1, never expires)
}
1521776926.441234 DEBUG: [RibManager] RIB update succeeded for RibUpdate {
  Name: /ndn/b-site/%C1.Router/cs/b/NLSR/INFO
  Action: REGISTER
  Route(faceid: 261, origin: app, cost: 0, flags: 0x2, never expires)
}
1521776926.448091 DEBUG: [RibManager] RIB update succeeded for RibUpdate {
  Name: /localhop/ndn/NLSR/LSA
  Action: REGISTER
  Route(faceid: 261, origin: app, cost: 0, flags: 0x2, never expires)
}
1521776926.454838 DEBUG: [RibManager] RIB update succeeded for RibUpdate {
  Name: /ndn/b-site/%C1.Router/cs/b/NLSR/KEY
  Action: REGISTER
  Route(faceid: 261, origin: app, cost: 0, flags: 0x2, never expires)
}
1521776926.461426 DEBUG: [RibManager] RIB update succeeded for RibUpdate {
  Name: /ndn/b-site/%C1.Router/cs/b/KEY
  Action: REGISTER
  Route(faceid: 261, origin: app, cost: 0, flags: 0x2, never expires)
}
1521776926.467763 DEBUG: [RibManager] RIB update succeeded for RibUpdate {
  Name: /ndn/b-site/%C1.Operator
  Action: REGISTER
  Route(faceid: 261, origin: app, cost: 0, flags: 0x2, never expires)
}
1521776926.473993 DEBUG: [RibManager] RIB update succeeded for RibUpdate {
  Name: /ndn/b-site/KEY
  Action: REGISTER
  Route(faceid: 261, origin: app, cost: 0, flags: 0x2, never expires)
}
1521776926.480131 DEBUG: [RibManager] RIB update succeeded for RibUpdate {
  Name: /localhost/nlsr
  Action: REGISTER
  Route(faceid: 261, origin: app, cost: 0, flags: 0x1, never expires)
}
1521776926.486136 DEBUG: [RibManager] RIB update succeeded for RibUpdate {
  Name: /ndn/a-site/%C1.Router/cs/a
  Action: REGISTER
  Route(faceid: 258, origin: nlsr, cost: 19, flags: 0x2, never expires)
}
1521776926.491920 DEBUG: [RibManager] RIB update succeeded for RibUpdate {
  Name: /localhop/ndn/NLSR/sync/%FD%04
  Action: REGISTER
  Route(faceid: 258, origin: nlsr, cost: 19, flags: 0x2, never expires)
}
1521776926.497589 DEBUG: [RibManager] RIB update succeeded for RibUpdate {
  Name: /localhop/ndn/NLSR/LSA
  Action: REGISTER
  Route(faceid: 258, origin: nlsr, cost: 19, flags: 0x2, never expires)
}
1521776926.503119 DEBUG: [RibManager] RIB update succeeded for RibUpdate {
  Name: /ndn/d-site/%C1.Router/cs/d
  Action: REGISTER
  Route(faceid: 260, origin: nlsr, cost: 45, flags: 0x2, never expires)
}
1521776926.509314 DEBUG: [RibManager] RIB update succeeded for RibUpdate {
  Name: /localhop/ndn/NLSR/sync/%FD%04
  Action: REGISTER
  Route(faceid: 260, origin: nlsr, cost: 45, flags: 0x2, never expires)
}
1521776926.514544 DEBUG: [RibManager] RIB update succeeded for RibUpdate {
  Name: /localhop/ndn/NLSR/LSA
  Action: REGISTER
  Route(faceid: 260, origin: nlsr, cost: 45, flags: 0x2, never expires)
}
1521776930.129276 TRACE: [RibManager] onNotification: FaceEvent(Kind: created,
          FaceId: 262,
          RemoteUri: fd://24,
          LocalUri: unix:///run/b.sock,
          FaceScope: local,
          FacePersistency: on-demand,
          LinkType: point-to-point,
          Flags: 0x4
          )
1521776930.137870 TRACE: [RibManager] onNotification: FaceEvent(Kind: destroyed,
          FaceId: 262,
          RemoteUri: fd://24,
          LocalUri: unix:///run/b.sock,
          FaceScope: local,
          FacePersistency: on-demand,
          LinkType: point-to-point,
          Flags: 0x4
          )
1521776930.137901 DEBUG: [RibManager] Received notification for destroyed faceId: 262
1521776930.665711 INFO: [RibManager] Adding route /ndn/b-site/b/ping nexthop=263 origin=app cost=0
1521776930.669677 TRACE: [RibManager] onNotification: FaceEvent(Kind: created,
          FaceId: 263,
          RemoteUri: fd://24,
          LocalUri: unix:///run/b.sock,
          FaceScope: local,
          FacePersistency: on-demand,
          LinkType: point-to-point,
          Flags: 0x4
          )
1521776930.674081 DEBUG: [RibManager] RIB update succeeded for RibUpdate {
  Name: /ndn/b-site/b/ping
  Action: REGISTER
  Route(faceid: 263, origin: app, cost: 0, flags: 0x1, never expires)
}
1521776931.943526 TRACE: [RibManager] onNotification: FaceEvent(Kind: created,
          FaceId: 264,
          RemoteUri: ether://[01:00:5e:00:17:aa],
          LocalUri: dev://b-eth0,
          FaceScope: non-local,
          FacePersistency: permanent,
          LinkType: multi-access,
          Flags: 0x0
          )
1521776931.944054 TRACE: [RibManager] onNotification: FaceEvent(Kind: created,
          FaceId: 265,
          RemoteUri: ether://[01:00:5e:00:17:aa],
          LocalUri: dev://b-eth1,
          FaceScope: non-local,
          FacePersistency: permanent,
          LinkType: multi-access,
          Flags: 0x0
          )
1521776931.944669 TRACE: [RibManager] onNotification: FaceEvent(Kind: created,
          FaceId: 266,
          RemoteUri: udp4://224.0.23.170:56363,
          LocalUri: udp4://1.0.0.2:54678,
          FaceScope: non-local,
          FacePersistency: permanent,
          LinkType: multi-access,
          Flags: 0x4
          )
1521776931.945240 TRACE: [RibManager] onNotification: FaceEvent(Kind: created,
          FaceId: 267,
          RemoteUri: udp6://[ff02::1234%2]:56363,
          LocalUri: udp6://[fe80::1c55:dcff:fed0:3a35%b-eth0]:34377,
          FaceScope: non-local,
          FacePersistency: permanent,
          LinkType: multi-access,
          Flags: 0x4
          )
1521776931.945824 TRACE: [RibManager] onNotification: FaceEvent(Kind: created,
          FaceId: 268,
          RemoteUri: udp4://224.0.23.170:56363,
          LocalUri: udp4://1.0.0.9:55779,
          FaceScope: non-local,
          FacePersistency: permanent,
          LinkType: multi-access,
          Flags: 0x4
          )
1521776931.946384 TRACE: [RibManager] onNotification: FaceEvent(Kind: created,
          FaceId: 269,
          RemoteUri: udp6://[ff02::1234%3]:56363,
          LocalUri: udp6://[fe80::34fb:4bff:fe41:4104%b-eth1]:50079,
          FaceScope: non-local,
          FacePersistency: permanent,
          LinkType: multi-access,
          Flags: 0x4
          )
1521776970.834011 TRACE: [RibManager] Scheduled unregistration at: 4337181505638251 nanoseconds since boot with EventId: 0x7f4094028c10
1521776970.834117 INFO: [RibManager] Adding route /ndn/d-site/d nexthop=260 origin=nlsr cost=45
1521776970.843002 DEBUG: [RibManager] RIB update succeeded for RibUpdate {
  Name: /ndn/d-site/d
  Action: REGISTER
  Route(faceid: 260, origin: nlsr, cost: 45, flags: 0x2, expires in: 3609990 milliseconds)
}
1521776970.847180 TRACE: [RibManager] Scheduled unregistration at: 4337181518813373 nanoseconds since boot with EventId: 0x7f4094048a00
1521776970.847216 INFO: [RibManager] Adding route /ndn/c-site/c nexthop=258 origin=nlsr cost=46
1521776970.854777 TRACE: [RibManager] Scheduled unregistration at: 4337181526416484 nanoseconds since boot with EventId: 0x7f409402b340
1521776970.854814 INFO: [RibManager] Adding route /ndn/c-site/%C1.Router/cs/c nexthop=258 origin=nlsr cost=46
1521776970.858485 TRACE: [RibManager] Scheduled unregistration at: 4337181530124522 nanoseconds since boot with EventId: 0x7f4094033d70
1521776970.858517 INFO: [RibManager] Adding route /ndn/a-site/a nexthop=258 origin=nlsr cost=19
1521776970.863288 DEBUG: [RibManager] RIB update succeeded for RibUpdate {
  Name: /ndn/c-site/c
  Action: REGISTER
  Route(faceid: 258, origin: nlsr, cost: 46, flags: 0x2, expires in: 3609983 milliseconds)
}
1521776970.871183 DEBUG: [RibManager] RIB update succeeded for RibUpdate {
  Name: /ndn/c-site/%C1.Router/cs/c
  Action: REGISTER
  Route(faceid: 258, origin: nlsr, cost: 46, flags: 0x2, expires in: 3609983 milliseconds)
}
1521776970.878698 DEBUG: [RibManager] RIB update succeeded for RibUpdate {
  Name: /ndn/a-site/a
  Action: REGISTER
  Route(faceid: 258, origin: nlsr, cost: 19, flags: 0x2, expires in: 3609979 milliseconds)
}
1521776991.845348 TRACE: [RibManager] onNotification: FaceEvent(Kind: created,
          FaceId: 270,
          RemoteUri: fd://25,
          LocalUri: unix:///run/b.sock,
          FaceScope: local,
          FacePersistency: on-demand,
          LinkType: point-to-point,
          Flags: 0x4
          )
1521776991.853505 TRACE: [RibManager] onNotification: FaceEvent(Kind: destroyed,
          FaceId: 270,
          RemoteUri: fd://25,
          LocalUri: unix:///run/b.sock,
          FaceScope: local,
          FacePersistency: on-demand,
          LinkType: point-to-point,
          Flags: 0x4
          )
1521776991.853532 DEBUG: [RibManager] Received notification for destroyed faceId: 270
1521776991.869705 TRACE: [RibManager] onNotification: FaceEvent(Kind: created,
          FaceId: 271,
          RemoteUri: fd://25,
          LocalUri: unix:///run/b.sock,
          FaceScope: local,
          FacePersistency: on-demand,
          LinkType: point-to-point,
          Flags: 0x4
          )
1521776991.874099 TRACE: [RibManager] onNotification: FaceEvent(Kind: destroyed,
          FaceId: 271,
          RemoteUri: fd://25,
          LocalUri: unix:///run/b.sock,
          FaceScope: local,
          FacePersistency: on-demand,
          LinkType: point-to-point,
          Flags: 0x4
          )
1521776991.874127 DEBUG: [RibManager] Received notification for destroyed faceId: 271
1521776992.592991 TRACE: [RibManager] onNotification: FaceEvent(Kind: created,
          FaceId: 272,
          RemoteUri: fd://25,
          LocalUri: unix:///run/b.sock,
          FaceScope: local,
          FacePersistency: on-demand,
          LinkType: point-to-point,
          Flags: 0x4
          )
1521776992.793869 TRACE: [RibManager] onNotification: FaceEvent(Kind: created,
          FaceId: 273,
          RemoteUri: fd://42,
          LocalUri: unix:///run/b.sock,
          FaceScope: local,
          FacePersistency: on-demand,
          LinkType: point-to-point,
          Flags: 0x4
          )
1521776992.995063 TRACE: [RibManager] onNotification: FaceEvent(Kind: created,
          FaceId: 274,
          RemoteUri: fd://43,
          LocalUri: unix:///run/b.sock,
          FaceScope: local,
          FacePersistency: on-demand,
          LinkType: point-to-point,
          Flags: 0x4
          )
1521776996.686850 TRACE: [RibManager] onNotification: FaceEvent(Kind: destroyed,
          FaceId: 272,
          RemoteUri: fd://25,
          LocalUri: unix:///run/b.sock,
          FaceScope: local,
          FacePersistency: on-demand,
          LinkType: point-to-point,
          Flags: 0x4
          )
1521776996.686882 DEBUG: [RibManager] Received notification for destroyed faceId: 272
1521776996.885269 TRACE: [RibManager] onNotification: FaceEvent(Kind: destroyed,
          FaceId: 273,
          RemoteUri: fd://42,
          LocalUri: unix:///run/b.sock,
          FaceScope: local,
          FacePersistency: on-demand,
          LinkType: point-to-point,
          Flags: 0x4
          )
1521776996.885298 DEBUG: [RibManager] Received notification for destroyed faceId: 273
1521776997.034483 TRACE: [RibManager] onNotification: FaceEvent(Kind: destroyed,
          FaceId: 274,
          RemoteUri: fd://43,
          LocalUri: unix:///run/b.sock,
          FaceScope: local,
          FacePersistency: on-demand,
          LinkType: point-to-point,
          Flags: 0x4
          )
1521776997.034515 DEBUG: [RibManager] Received notification for destroyed faceId: 274
