1521768925.926141 INFO: [Main] NFD version 0.6.1-15-g3cf75dc starting
1521768925.926179 INFO: [Main] Built with GNU C++ version 4.9.4, with GNU libstdc++ version 20160726, with Boost version 1.55.0, with libpcap version 1.5.3, without WebSocket++, with ndn-cxx version 0.6.1-commit-92e4d5c
1521768925.952624 INFO: [RibManager] Start monitoring face create/destroy events
1521768925.972750 DEBUG: [RibManager] Successfully registered /localhost/nfd with NFD
1521768925.972887 TRACE: [RibManager] onNotification: FaceEvent(Kind: created,
          FaceId: 256,
          RemoteUri: fd://20,
          LocalUri: unix:///run/a.sock,
          FaceScope: local,
          FacePersistency: on-demand,
          LinkType: point-to-point,
          Flags: 0x4
          )
1521768925.973047 DEBUG: [RibManager] Local fields enabled
1521768927.323266 TRACE: [RibManager] onNotification: FaceEvent(Kind: created,
          FaceId: 257,
          RemoteUri: fd://21,
          LocalUri: unix:///run/a.sock,
          FaceScope: local,
          FacePersistency: on-demand,
          LinkType: point-to-point,
          Flags: 0x4
          )
1521768927.331980 TRACE: [RibManager] onNotification: FaceEvent(Kind: created,
          FaceId: 258,
          RemoteUri: udp4://1.0.0.2:6363,
          LocalUri: udp4://1.0.0.1:6363,
          FaceScope: non-local,
          FacePersistency: permanent,
          LinkType: point-to-point,
          Flags: 0x4
          )
1521768927.335530 TRACE: [RibManager] onNotification: FaceEvent(Kind: destroyed,
          FaceId: 257,
          RemoteUri: fd://21,
          LocalUri: unix:///run/a.sock,
          FaceScope: local,
          FacePersistency: on-demand,
          LinkType: point-to-point,
          Flags: 0x4
          )
1521768927.335560 DEBUG: [RibManager] Received notification for destroyed faceId: 257
1521768927.357871 TRACE: [RibManager] onNotification: FaceEvent(Kind: created,
          FaceId: 259,
          RemoteUri: fd://21,
          LocalUri: unix:///run/a.sock,
          FaceScope: local,
          FacePersistency: on-demand,
          LinkType: point-to-point,
          Flags: 0x4
          )
1521768927.366733 TRACE: [RibManager] onNotification: FaceEvent(Kind: created,
          FaceId: 260,
          RemoteUri: udp4://1.0.0.6:6363,
          LocalUri: udp4://1.0.0.5:6363,
          FaceScope: non-local,
          FacePersistency: permanent,
          LinkType: point-to-point,
          Flags: 0x4
          )
1521768927.371142 TRACE: [RibManager] onNotification: FaceEvent(Kind: destroyed,
          FaceId: 259,
          RemoteUri: fd://21,
          LocalUri: unix:///run/a.sock,
          FaceScope: local,
          FacePersistency: on-demand,
          LinkType: point-to-point,
          Flags: 0x4
          )
1521768927.371187 DEBUG: [RibManager] Received notification for destroyed faceId: 259
1521768927.442755 TRACE: [RibManager] onNotification: FaceEvent(Kind: created,
          FaceId: 261,
          RemoteUri: fd://21,
          LocalUri: unix:///run/a.sock,
          FaceScope: local,
          FacePersistency: on-demand,
          LinkType: point-to-point,
          Flags: 0x4
          )
1521768927.448851 INFO: [RibManager] Adding route /localhop/ndn/NLSR/sync/%FD%04 nexthop=261 origin=app cost=0
1521768927.464767 INFO: [RibManager] Adding route /localhop/ndn/NLSR/LSA/a-site/%C1.Router/cs/a/NAME nexthop=261 origin=app cost=0
1521768927.470574 INFO: [RibManager] Adding route /localhop/ndn/NLSR/LSA/a-site/%C1.Router/cs/a/COORDINATE nexthop=261 origin=app cost=0
1521768927.476800 INFO: [RibManager] Adding route /ndn/a-site/%C1.Router/cs/a/NLSR/INFO nexthop=261 origin=app cost=0
1521768927.482128 INFO: [RibManager] Adding route /localhop/ndn/NLSR/LSA nexthop=261 origin=app cost=0
1521768927.487254 INFO: [RibManager] Adding route /ndn/a-site/%C1.Router/cs/a/NLSR/KEY nexthop=261 origin=app cost=0
1521768927.492407 INFO: [RibManager] Adding route /ndn/a-site/%C1.Router/cs/a/KEY nexthop=261 origin=app cost=0
1521768927.497231 INFO: [RibManager] Adding route /ndn/a-site/%C1.Operator nexthop=261 origin=app cost=0
1521768927.500167 INFO: [RibManager] Adding route /ndn/a-site/KEY nexthop=261 origin=app cost=0
1521768927.502948 INFO: [RibManager] Adding route /localhost/nlsr nexthop=261 origin=app cost=0
1521768927.503090 DEBUG: [RibManager] RIB update succeeded for RibUpdate {
  Name: /localhop/ndn/NLSR/sync/%FD%04
  Action: REGISTER
  Route(faceid: 261, origin: app, cost: 0, flags: 0x1, never expires)
}
1521768927.508699 INFO: [RibManager] Adding route /ndn/b-site/%C1.Router/cs/b nexthop=258 origin=nlsr cost=0
1521768927.511457 INFO: [RibManager] Adding route /localhop/ndn/NLSR/sync/%FD%04 nexthop=258 origin=nlsr cost=0
1521768927.514116 INFO: [RibManager] Adding route /localhop/ndn/NLSR/LSA nexthop=258 origin=nlsr cost=0
1521768927.516706 INFO: [RibManager] Adding route /ndn/c-site/%C1.Router/cs/c nexthop=260 origin=nlsr cost=0
1521768927.519287 INFO: [RibManager] Adding route /localhop/ndn/NLSR/sync/%FD%04 nexthop=260 origin=nlsr cost=0
1521768927.521877 INFO: [RibManager] Adding route /localhop/ndn/NLSR/LSA nexthop=260 origin=nlsr cost=0
1521768927.526986 DEBUG: [RibManager] RIB update succeeded for RibUpdate {
  Name: /localhop/ndn/NLSR/LSA/a-site/%C1.Router/cs/a/NAME
  Action: REGISTER
  Route(faceid: 261, origin: app, cost: 0, flags: 0x1, never expires)
}
1521768927.534294 DEBUG: [RibManager] RIB update succeeded for RibUpdate {
  Name: /localhop/ndn/NLSR/LSA/a-site/%C1.Router/cs/a/COORDINATE
  Action: REGISTER
  Route(faceid: 261, origin: app, cost: 0, flags: 0x1, never expires)
}
1521768927.541303 DEBUG: [RibManager] RIB update succeeded for RibUpdate {
  Name: /ndn/a-site/%C1.Router/cs/a/NLSR/INFO
  Action: REGISTER
  Route(faceid: 261, origin: app, cost: 0, flags: 0x2, never expires)
}
1521768927.547958 DEBUG: [RibManager] RIB update succeeded for RibUpdate {
  Name: /localhop/ndn/NLSR/LSA
  Action: REGISTER
  Route(faceid: 261, origin: app, cost: 0, flags: 0x2, never expires)
}
1521768927.554545 DEBUG: [RibManager] RIB update succeeded for RibUpdate {
  Name: /ndn/a-site/%C1.Router/cs/a/NLSR/KEY
  Action: REGISTER
  Route(faceid: 261, origin: app, cost: 0, flags: 0x2, never expires)
}
1521768927.561000 DEBUG: [RibManager] RIB update succeeded for RibUpdate {
  Name: /ndn/a-site/%C1.Router/cs/a/KEY
  Action: REGISTER
  Route(faceid: 261, origin: app, cost: 0, flags: 0x2, never expires)
}
1521768927.567212 DEBUG: [RibManager] RIB update succeeded for RibUpdate {
  Name: /ndn/a-site/%C1.Operator
  Action: REGISTER
  Route(faceid: 261, origin: app, cost: 0, flags: 0x2, never expires)
}
1521768927.573314 DEBUG: [RibManager] RIB update succeeded for RibUpdate {
  Name: /ndn/a-site/KEY
  Action: REGISTER
  Route(faceid: 261, origin: app, cost: 0, flags: 0x2, never expires)
}
1521768927.579150 DEBUG: [RibManager] RIB update succeeded for RibUpdate {
  Name: /localhost/nlsr
  Action: REGISTER
  Route(faceid: 261, origin: app, cost: 0, flags: 0x1, never expires)
}
1521768927.584926 DEBUG: [RibManager] RIB update succeeded for RibUpdate {
  Name: /ndn/b-site/%C1.Router/cs/b
  Action: REGISTER
  Route(faceid: 258, origin: nlsr, cost: 0, flags: 0x2, never expires)
}
1521768927.590472 DEBUG: [RibManager] RIB update succeeded for RibUpdate {
  Name: /localhop/ndn/NLSR/sync/%FD%04
  Action: REGISTER
  Route(faceid: 258, origin: nlsr, cost: 0, flags: 0x2, never expires)
}
1521768927.595945 DEBUG: [RibManager] RIB update succeeded for RibUpdate {
  Name: /localhop/ndn/NLSR/LSA
  Action: REGISTER
  Route(faceid: 258, origin: nlsr, cost: 0, flags: 0x2, never expires)
}
1521768927.601333 DEBUG: [RibManager] RIB update succeeded for RibUpdate {
  Name: /ndn/c-site/%C1.Router/cs/c
  Action: REGISTER
  Route(faceid: 260, origin: nlsr, cost: 0, flags: 0x2, never expires)
}
1521768927.607306 DEBUG: [RibManager] RIB update succeeded for RibUpdate {
  Name: /localhop/ndn/NLSR/sync/%FD%04
  Action: REGISTER
  Route(faceid: 260, origin: nlsr, cost: 0, flags: 0x2, never expires)
}
1521768927.612553 DEBUG: [RibManager] RIB update succeeded for RibUpdate {
  Name: /localhop/ndn/NLSR/LSA
  Action: REGISTER
  Route(faceid: 260, origin: nlsr, cost: 0, flags: 0x2, never expires)
}
1521768931.858304 TRACE: [RibManager] onNotification: FaceEvent(Kind: created,
          FaceId: 262,
          RemoteUri: fd://24,
          LocalUri: unix:///run/a.sock,
          FaceScope: local,
          FacePersistency: on-demand,
          LinkType: point-to-point,
          Flags: 0x4
          )
1521768931.867115 TRACE: [RibManager] onNotification: FaceEvent(Kind: destroyed,
          FaceId: 262,
          RemoteUri: fd://24,
          LocalUri: unix:///run/a.sock,
          FaceScope: local,
          FacePersistency: on-demand,
          LinkType: point-to-point,
          Flags: 0x4
          )
1521768931.867156 DEBUG: [RibManager] Received notification for destroyed faceId: 262
1521768932.394833 INFO: [RibManager] Adding route /ndn/a-site/a/ping nexthop=263 origin=app cost=0
1521768932.399110 TRACE: [RibManager] onNotification: FaceEvent(Kind: created,
          FaceId: 263,
          RemoteUri: fd://24,
          LocalUri: unix:///run/a.sock,
          FaceScope: local,
          FacePersistency: on-demand,
          LinkType: point-to-point,
          Flags: 0x4
          )
1521768932.403541 DEBUG: [RibManager] RIB update succeeded for RibUpdate {
  Name: /ndn/a-site/a/ping
  Action: REGISTER
  Route(faceid: 263, origin: app, cost: 0, flags: 0x1, never expires)
}
1521768934.247154 TRACE: [RibManager] onNotification: FaceEvent(Kind: created,
          FaceId: 264,
          RemoteUri: ether://[01:00:5e:00:17:aa],
          LocalUri: dev://a-eth0,
          FaceScope: non-local,
          FacePersistency: permanent,
          LinkType: multi-access,
          Flags: 0x0
          )
1521768934.247784 TRACE: [RibManager] onNotification: FaceEvent(Kind: created,
          FaceId: 265,
          RemoteUri: ether://[01:00:5e:00:17:aa],
          LocalUri: dev://a-eth1,
          FaceScope: non-local,
          FacePersistency: permanent,
          LinkType: multi-access,
          Flags: 0x0
          )
1521768934.248394 TRACE: [RibManager] onNotification: FaceEvent(Kind: created,
          FaceId: 266,
          RemoteUri: udp4://224.0.23.170:56363,
          LocalUri: udp4://1.0.0.1:52231,
          FaceScope: non-local,
          FacePersistency: permanent,
          LinkType: multi-access,
          Flags: 0x4
          )
1521768934.248981 TRACE: [RibManager] onNotification: FaceEvent(Kind: created,
          FaceId: 267,
          RemoteUri: udp6://[ff02::1234%2]:56363,
          LocalUri: udp6://[fe80::b895:d6ff:fede:8950%a-eth0]:40567,
          FaceScope: non-local,
          FacePersistency: permanent,
          LinkType: multi-access,
          Flags: 0x4
          )
1521768934.249563 TRACE: [RibManager] onNotification: FaceEvent(Kind: created,
          FaceId: 268,
          RemoteUri: udp4://224.0.23.170:56363,
          LocalUri: udp4://1.0.0.5:51579,
          FaceScope: non-local,
          FacePersistency: permanent,
          LinkType: multi-access,
          Flags: 0x4
          )
1521768934.250066 TRACE: [RibManager] onNotification: FaceEvent(Kind: created,
          FaceId: 269,
          RemoteUri: udp6://[ff02::1234%3]:56363,
          LocalUri: udp6://[fe80::b026:37ff:fee0:dabd%a-eth1]:54748,
          FaceScope: non-local,
          FacePersistency: permanent,
          LinkType: multi-access,
          Flags: 0x4
          )
1521768958.966187 TRACE: [RibManager] Scheduled unregistration at: 4329169637822576 nanoseconds since boot with EventId: 0x7fe76c034d10
1521768958.966270 INFO: [RibManager] Adding route /ndn/c-site/c nexthop=260 origin=nlsr cost=0
1521768958.975238 DEBUG: [RibManager] RIB update succeeded for RibUpdate {
  Name: /ndn/c-site/c
  Action: REGISTER
  Route(faceid: 260, origin: nlsr, cost: 0, flags: 0x2, expires in: 3609990 milliseconds)
}
1521768959.069687 TRACE: [RibManager] Scheduled unregistration at: 4329169741318781 nanoseconds since boot with EventId: 0x7fe76c028700
1521768959.069729 INFO: [RibManager] Adding route /ndn/b-site/b nexthop=258 origin=nlsr cost=0
1521768959.078647 DEBUG: [RibManager] RIB update succeeded for RibUpdate {
  Name: /ndn/b-site/b
  Action: REGISTER
  Route(faceid: 258, origin: nlsr, cost: 0, flags: 0x2, expires in: 3609991 milliseconds)
}
1521768973.970603 TRACE: [RibManager] Scheduled unregistration at: 4329184642228931 nanoseconds since boot with EventId: 0x7fe76c04ccf0
1521768973.970654 INFO: [RibManager] Adding route /ndn/d-site/d nexthop=258 origin=nlsr cost=936
1521768973.978724 DEBUG: [RibManager] RIB update succeeded for RibUpdate {
  Name: /ndn/d-site/d
  Action: REGISTER
  Route(faceid: 258, origin: nlsr, cost: 936, flags: 0x2, expires in: 3609991 milliseconds)
}
1521768973.994268 TRACE: [RibManager] Scheduled unregistration at: 4329184665900875 nanoseconds since boot with EventId: 0x7fe76c05d9d0
1521768973.994307 INFO: [RibManager] Adding route /ndn/d-site/d nexthop=260 origin=nlsr cost=2000
1521768974.001896 TRACE: [RibManager] Scheduled unregistration at: 4329184673534189 nanoseconds since boot with EventId: 0x7fe76c036fa0
1521768974.001935 INFO: [RibManager] Adding route /ndn/d-site/%C1.Router/cs/d nexthop=258 origin=nlsr cost=936
1521768974.005665 TRACE: [RibManager] Scheduled unregistration at: 4329184677304876 nanoseconds since boot with EventId: 0x7fe76c026d70
1521768974.005698 INFO: [RibManager] Adding route /ndn/d-site/%C1.Router/cs/d nexthop=260 origin=nlsr cost=2000
1521768974.009210 TRACE: [RibManager] Scheduled unregistration at: 4329184680850850 nanoseconds since boot with EventId: 0x7fe76c04b480
1521768974.009242 INFO: [RibManager] Adding route /ndn/b-site/b nexthop=258 origin=nlsr cost=0
1521768974.012755 TRACE: [RibManager] Scheduled unregistration at: 4329184684395136 nanoseconds since boot with EventId: 0x7fe76c034fc0
1521768974.012786 INFO: [RibManager] Adding route /ndn/b-site/b nexthop=260 origin=nlsr cost=1419
1521768974.016286 TRACE: [RibManager] Scheduled unregistration at: 4329184687926768 nanoseconds since boot with EventId: 0x7fe76c04c840
1521768974.016317 INFO: [RibManager] Adding route /ndn/c-site/c nexthop=260 origin=nlsr cost=0
1521768974.019612 TRACE: [RibManager] Scheduled unregistration at: 4329184691253326 nanoseconds since boot with EventId: 0x7fe76c029620
1521768974.019643 INFO: [RibManager] Adding route /ndn/c-site/c nexthop=258 origin=nlsr cost=1419
1521768974.019794 DEBUG: [RibManager] RIB update succeeded for RibUpdate {
  Name: /ndn/d-site/d
  Action: REGISTER
  Route(faceid: 260, origin: nlsr, cost: 2000, flags: 0x2, expires in: 3609974 milliseconds)
}
1521768974.027128 DEBUG: [RibManager] RIB update succeeded for RibUpdate {
  Name: /ndn/d-site/%C1.Router/cs/d
  Action: REGISTER
  Route(faceid: 258, origin: nlsr, cost: 936, flags: 0x2, expires in: 3609974 milliseconds)
}
1521768974.033864 DEBUG: [RibManager] RIB update succeeded for RibUpdate {
  Name: /ndn/d-site/%C1.Router/cs/d
  Action: REGISTER
  Route(faceid: 260, origin: nlsr, cost: 2000, flags: 0x2, expires in: 3609971 milliseconds)
}
1521768974.033916 TRACE: [Rib] Cancelling expiration event for /ndn/b-site/b Route(faceid: 258, origin: nlsr, cost: 0, flags: 0x2, expires in: 3595035 milliseconds)
1521768974.033939 DEBUG: [RibManager] RIB update succeeded for RibUpdate {
  Name: /ndn/b-site/b
  Action: REGISTER
  Route(faceid: 258, origin: nlsr, cost: 0, flags: 0x2, expires in: 3609975 milliseconds)
}
1521768974.040523 DEBUG: [RibManager] RIB update succeeded for RibUpdate {
  Name: /ndn/b-site/b
  Action: REGISTER
  Route(faceid: 260, origin: nlsr, cost: 1419, flags: 0x2, expires in: 3609972 milliseconds)
}
1521768974.040571 TRACE: [Rib] Cancelling expiration event for /ndn/c-site/c Route(faceid: 260, origin: nlsr, cost: 0, flags: 0x2, expires in: 3594925 milliseconds)
1521768974.040594 DEBUG: [RibManager] RIB update succeeded for RibUpdate {
  Name: /ndn/c-site/c
  Action: REGISTER
  Route(faceid: 260, origin: nlsr, cost: 0, flags: 0x2, expires in: 3609975 milliseconds)
}
1521768974.046966 DEBUG: [RibManager] RIB update succeeded for RibUpdate {
  Name: /ndn/c-site/c
  Action: REGISTER
  Route(faceid: 258, origin: nlsr, cost: 1419, flags: 0x2, expires in: 3609972 milliseconds)
}
1521768994.062745 TRACE: [RibManager] onNotification: FaceEvent(Kind: created,
          FaceId: 270,
          RemoteUri: fd://25,
          LocalUri: unix:///run/a.sock,
          FaceScope: local,
          FacePersistency: on-demand,
          LinkType: point-to-point,
          Flags: 0x4
          )
1521768994.072203 TRACE: [RibManager] onNotification: FaceEvent(Kind: destroyed,
          FaceId: 270,
          RemoteUri: fd://25,
          LocalUri: unix:///run/a.sock,
          FaceScope: local,
          FacePersistency: on-demand,
          LinkType: point-to-point,
          Flags: 0x4
          )
1521768994.072240 DEBUG: [RibManager] Received notification for destroyed faceId: 270
1521768994.090059 TRACE: [RibManager] onNotification: FaceEvent(Kind: created,
          FaceId: 271,
          RemoteUri: fd://25,
          LocalUri: unix:///run/a.sock,
          FaceScope: local,
          FacePersistency: on-demand,
          LinkType: point-to-point,
          Flags: 0x4
          )
1521768994.094807 TRACE: [RibManager] onNotification: FaceEvent(Kind: destroyed,
          FaceId: 271,
          RemoteUri: fd://25,
          LocalUri: unix:///run/a.sock,
          FaceScope: local,
          FacePersistency: on-demand,
          LinkType: point-to-point,
          Flags: 0x4
          )
1521768994.094849 DEBUG: [RibManager] Received notification for destroyed faceId: 271
1521768994.257330 TRACE: [RibManager] onNotification: FaceEvent(Kind: created,
          FaceId: 272,
          RemoteUri: fd://25,
          LocalUri: unix:///run/a.sock,
          FaceScope: local,
          FacePersistency: on-demand,
          LinkType: point-to-point,
          Flags: 0x4
          )
1521768994.458623 TRACE: [RibManager] onNotification: FaceEvent(Kind: created,
          FaceId: 273,
          RemoteUri: fd://42,
          LocalUri: unix:///run/a.sock,
          FaceScope: local,
          FacePersistency: on-demand,
          LinkType: point-to-point,
          Flags: 0x4
          )
1521768994.660121 TRACE: [RibManager] onNotification: FaceEvent(Kind: created,
          FaceId: 274,
          RemoteUri: fd://43,
          LocalUri: unix:///run/a.sock,
          FaceScope: local,
          FacePersistency: on-demand,
          LinkType: point-to-point,
          Flags: 0x4
          )
1521768998.297326 TRACE: [RibManager] onNotification: FaceEvent(Kind: destroyed,
          FaceId: 272,
          RemoteUri: fd://25,
          LocalUri: unix:///run/a.sock,
          FaceScope: local,
          FacePersistency: on-demand,
          LinkType: point-to-point,
          Flags: 0x4
          )
1521768998.297355 DEBUG: [RibManager] Received notification for destroyed faceId: 272
1521768998.514130 TRACE: [RibManager] onNotification: FaceEvent(Kind: destroyed,
          FaceId: 273,
          RemoteUri: fd://42,
          LocalUri: unix:///run/a.sock,
          FaceScope: local,
          FacePersistency: on-demand,
          LinkType: point-to-point,
          Flags: 0x4
          )
1521768998.514159 DEBUG: [RibManager] Received notification for destroyed faceId: 273
1521768998.790064 TRACE: [RibManager] onNotification: FaceEvent(Kind: destroyed,
          FaceId: 274,
          RemoteUri: fd://43,
          LocalUri: unix:///run/a.sock,
          FaceScope: local,
          FacePersistency: on-demand,
          LinkType: point-to-point,
          Flags: 0x4
          )
1521768998.790094 DEBUG: [RibManager] Received notification for destroyed faceId: 274
