1521768838.957712 INFO: [Main] NFD version 0.6.1-15-g3cf75dc starting
1521768838.957743 INFO: [Main] Built with GNU C++ version 4.9.4, with GNU libstdc++ version 20160726, with Boost version 1.55.0, with libpcap version 1.5.3, without WebSocket++, with ndn-cxx version 0.6.1-commit-92e4d5c
1521768838.983540 INFO: [RibManager] Start monitoring face create/destroy events
1521768839.003336 DEBUG: [RibManager] Successfully registered /localhost/nfd with NFD
1521768839.003465 TRACE: [RibManager] onNotification: FaceEvent(Kind: created,
          FaceId: 256,
          RemoteUri: fd://20,
          LocalUri: unix:///run/c.sock,
          FaceScope: local,
          FacePersistency: on-demand,
          LinkType: point-to-point,
          Flags: 0x4
          )
1521768839.003657 DEBUG: [RibManager] Local fields enabled
1521768841.868892 TRACE: [RibManager] onNotification: FaceEvent(Kind: created,
          FaceId: 257,
          RemoteUri: fd://21,
          LocalUri: unix:///run/c.sock,
          FaceScope: local,
          FacePersistency: on-demand,
          LinkType: point-to-point,
          Flags: 0x4
          )
1521768841.874214 TRACE: [RibManager] onNotification: FaceEvent(Kind: created,
          FaceId: 258,
          RemoteUri: udp4://1.0.0.5:6363,
          LocalUri: udp4://1.0.0.6:6363,
          FaceScope: non-local,
          FacePersistency: permanent,
          LinkType: point-to-point,
          Flags: 0x4
          )
1521768841.878921 TRACE: [RibManager] onNotification: FaceEvent(Kind: destroyed,
          FaceId: 257,
          RemoteUri: fd://21,
          LocalUri: unix:///run/c.sock,
          FaceScope: local,
          FacePersistency: on-demand,
          LinkType: point-to-point,
          Flags: 0x4
          )
1521768841.878953 DEBUG: [RibManager] Received notification for destroyed faceId: 257
1521768841.946242 TRACE: [RibManager] onNotification: FaceEvent(Kind: created,
          FaceId: 259,
          RemoteUri: fd://21,
          LocalUri: unix:///run/c.sock,
          FaceScope: local,
          FacePersistency: on-demand,
          LinkType: point-to-point,
          Flags: 0x4
          )
1521768841.951974 INFO: [RibManager] Adding route /localhop/ndn/NLSR/sync/%FD%04 nexthop=259 origin=app cost=0
1521768841.965871 INFO: [RibManager] Adding route /localhop/ndn/NLSR/LSA/c-site/%C1.Router/cs/c/NAME nexthop=259 origin=app cost=0
1521768841.969081 INFO: [RibManager] Adding route /localhop/ndn/NLSR/LSA/c-site/%C1.Router/cs/c/ADJACENCY nexthop=259 origin=app cost=0
1521768841.972048 INFO: [RibManager] Adding route /ndn/c-site/%C1.Router/cs/c/NLSR/INFO nexthop=259 origin=app cost=0
1521768841.974825 INFO: [RibManager] Adding route /localhop/ndn/NLSR/LSA nexthop=259 origin=app cost=0
1521768841.977815 INFO: [RibManager] Adding route /ndn/c-site/%C1.Router/cs/c/NLSR/KEY nexthop=259 origin=app cost=0
1521768841.980585 INFO: [RibManager] Adding route /ndn/c-site/%C1.Router/cs/c/KEY nexthop=259 origin=app cost=0
1521768841.983337 INFO: [RibManager] Adding route /ndn/c-site/%C1.Operator nexthop=259 origin=app cost=0
1521768841.986087 INFO: [RibManager] Adding route /ndn/c-site/KEY nexthop=259 origin=app cost=0
1521768841.988821 INFO: [RibManager] Adding route /localhost/nlsr nexthop=259 origin=app cost=0
1521768841.988967 DEBUG: [RibManager] RIB update succeeded for RibUpdate {
  Name: /localhop/ndn/NLSR/sync/%FD%04
  Action: REGISTER
  Route(faceid: 259, origin: app, cost: 0, flags: 0x1, never expires)
}
1521768841.994242 INFO: [RibManager] Adding route /ndn/a-site/%C1.Router/cs/a nexthop=258 origin=nlsr cost=27
1521768841.996849 INFO: [RibManager] Adding route /localhop/ndn/NLSR/sync/%FD%04 nexthop=258 origin=nlsr cost=27
1521768841.999439 INFO: [RibManager] Adding route /localhop/ndn/NLSR/LSA nexthop=258 origin=nlsr cost=27
1521768842.004559 DEBUG: [RibManager] RIB update succeeded for RibUpdate {
  Name: /localhop/ndn/NLSR/LSA/c-site/%C1.Router/cs/c/NAME
  Action: REGISTER
  Route(faceid: 259, origin: app, cost: 0, flags: 0x1, never expires)
}
1521768842.011744 DEBUG: [RibManager] RIB update succeeded for RibUpdate {
  Name: /localhop/ndn/NLSR/LSA/c-site/%C1.Router/cs/c/ADJACENCY
  Action: REGISTER
  Route(faceid: 259, origin: app, cost: 0, flags: 0x1, never expires)
}
1521768842.018689 DEBUG: [RibManager] RIB update succeeded for RibUpdate {
  Name: /ndn/c-site/%C1.Router/cs/c/NLSR/INFO
  Action: REGISTER
  Route(faceid: 259, origin: app, cost: 0, flags: 0x2, never expires)
}
1521768842.025358 DEBUG: [RibManager] RIB update succeeded for RibUpdate {
  Name: /localhop/ndn/NLSR/LSA
  Action: REGISTER
  Route(faceid: 259, origin: app, cost: 0, flags: 0x2, never expires)
}
1521768842.031821 DEBUG: [RibManager] RIB update succeeded for RibUpdate {
  Name: /ndn/c-site/%C1.Router/cs/c/NLSR/KEY
  Action: REGISTER
  Route(faceid: 259, origin: app, cost: 0, flags: 0x2, never expires)
}
1521768842.038227 DEBUG: [RibManager] RIB update succeeded for RibUpdate {
  Name: /ndn/c-site/%C1.Router/cs/c/KEY
  Action: REGISTER
  Route(faceid: 259, origin: app, cost: 0, flags: 0x2, never expires)
}
1521768842.044602 DEBUG: [RibManager] RIB update succeeded for RibUpdate {
  Name: /ndn/c-site/%C1.Operator
  Action: REGISTER
  Route(faceid: 259, origin: app, cost: 0, flags: 0x2, never expires)
}
1521768842.050709 DEBUG: [RibManager] RIB update succeeded for RibUpdate {
  Name: /ndn/c-site/KEY
  Action: REGISTER
  Route(faceid: 259, origin: app, cost: 0, flags: 0x2, never expires)
}
1521768842.056845 DEBUG: [RibManager] RIB update succeeded for RibUpdate {
  Name: /localhost/nlsr
  Action: REGISTER
  Route(faceid: 259, origin: app, cost: 0, flags: 0x1, never expires)
}
1521768842.062798 DEBUG: [RibManager] RIB update succeeded for RibUpdate {
  Name: /ndn/a-site/%C1.Router/cs/a
  Action: REGISTER
  Route(faceid: 258, origin: nlsr, cost: 27, flags: 0x2, never expires)
}
1521768842.068679 DEBUG: [RibManager] RIB update succeeded for RibUpdate {
  Name: /localhop/ndn/NLSR/sync/%FD%04
  Action: REGISTER
  Route(faceid: 258, origin: nlsr, cost: 27, flags: 0x2, never expires)
}
1521768842.074289 DEBUG: [RibManager] RIB update succeeded for RibUpdate {
  Name: /localhop/ndn/NLSR/LSA
  Action: REGISTER
  Route(faceid: 258, origin: nlsr, cost: 27, flags: 0x2, never expires)
}
1521768845.123577 TRACE: [RibManager] onNotification: FaceEvent(Kind: created,
          FaceId: 260,
          RemoteUri: fd://23,
          LocalUri: unix:///run/c.sock,
          FaceScope: local,
          FacePersistency: on-demand,
          LinkType: point-to-point,
          Flags: 0x4
          )
1521768845.132702 TRACE: [RibManager] onNotification: FaceEvent(Kind: destroyed,
          FaceId: 260,
          RemoteUri: fd://23,
          LocalUri: unix:///run/c.sock,
          FaceScope: local,
          FacePersistency: on-demand,
          LinkType: point-to-point,
          Flags: 0x4
          )
1521768845.132731 DEBUG: [RibManager] Received notification for destroyed faceId: 260
1521768845.443283 TRACE: [RibManager] onNotification: FaceEvent(Kind: created,
          FaceId: 261,
          RemoteUri: ether://[01:00:5e:00:17:aa],
          LocalUri: dev://c-eth0,
          FaceScope: non-local,
          FacePersistency: permanent,
          LinkType: multi-access,
          Flags: 0x0
          )
1521768845.443869 TRACE: [RibManager] onNotification: FaceEvent(Kind: created,
          FaceId: 262,
          RemoteUri: udp4://224.0.23.170:56363,
          LocalUri: udp4://1.0.0.6:37424,
          FaceScope: non-local,
          FacePersistency: permanent,
          LinkType: multi-access,
          Flags: 0x4
          )
1521768845.444340 TRACE: [RibManager] onNotification: FaceEvent(Kind: created,
          FaceId: 263,
          RemoteUri: udp6://[ff02::1234%2]:56363,
          LocalUri: udp6://[fe80::dcbd:53ff:fe73:c5e9%c-eth0]:38961,
          FaceScope: non-local,
          FacePersistency: permanent,
          LinkType: multi-access,
          Flags: 0x4
          )
1521768845.662679 INFO: [RibManager] Adding route /ndn/c-site/c/ping nexthop=264 origin=app cost=0
1521768845.667009 TRACE: [RibManager] onNotification: FaceEvent(Kind: created,
          FaceId: 264,
          RemoteUri: fd://23,
          LocalUri: unix:///run/c.sock,
          FaceScope: local,
          FacePersistency: on-demand,
          LinkType: point-to-point,
          Flags: 0x4
          )
1521768845.672881 DEBUG: [RibManager] RIB update succeeded for RibUpdate {
  Name: /ndn/c-site/c/ping
  Action: REGISTER
  Route(faceid: 264, origin: app, cost: 0, flags: 0x1, never expires)
}
1521768884.979554 TRACE: [RibManager] Scheduled unregistration at: 4329095651186652 nanoseconds since boot with EventId: 0x7fe54c021420
1521768884.979629 INFO: [RibManager] Adding route /ndn/d-site/d nexthop=258 origin=nlsr cost=91
1521768884.987274 DEBUG: [RibManager] RIB update succeeded for RibUpdate {
  Name: /ndn/d-site/d
  Action: REGISTER
  Route(faceid: 258, origin: nlsr, cost: 91, flags: 0x2, expires in: 3609992 milliseconds)
}
1521768884.994415 TRACE: [RibManager] Scheduled unregistration at: 4329095666050542 nanoseconds since boot with EventId: 0x7fe54c021890
1521768884.994449 INFO: [RibManager] Adding route /ndn/d-site/%C1.Router/cs/d nexthop=258 origin=nlsr cost=91
1521768885.001029 TRACE: [RibManager] Scheduled unregistration at: 4329095672670616 nanoseconds since boot with EventId: 0x7fe54c03b9c0
1521768885.001059 INFO: [RibManager] Adding route /ndn/b-site/b nexthop=258 origin=nlsr cost=46
1521768885.004304 TRACE: [RibManager] Scheduled unregistration at: 4329095675945391 nanoseconds since boot with EventId: 0x7fe54c0246c0
1521768885.004334 INFO: [RibManager] Adding route /ndn/b-site/%C1.Router/cs/b nexthop=258 origin=nlsr cost=46
1521768885.007439 TRACE: [RibManager] Scheduled unregistration at: 4329095679080825 nanoseconds since boot with EventId: 0x7fe54c03b170
1521768885.007467 INFO: [RibManager] Adding route /ndn/a-site/a nexthop=258 origin=nlsr cost=27
1521768885.007643 DEBUG: [RibManager] RIB update succeeded for RibUpdate {
  Name: /ndn/d-site/%C1.Router/cs/d
  Action: REGISTER
  Route(faceid: 258, origin: nlsr, cost: 91, flags: 0x2, expires in: 3609986 milliseconds)
}
1521768885.014140 DEBUG: [RibManager] RIB update succeeded for RibUpdate {
  Name: /ndn/b-site/b
  Action: REGISTER
  Route(faceid: 258, origin: nlsr, cost: 46, flags: 0x2, expires in: 3609986 milliseconds)
}
1521768885.020367 DEBUG: [RibManager] RIB update succeeded for RibUpdate {
  Name: /ndn/b-site/%C1.Router/cs/b
  Action: REGISTER
  Route(faceid: 258, origin: nlsr, cost: 46, flags: 0x2, expires in: 3609983 milliseconds)
}
1521768885.026294 DEBUG: [RibManager] RIB update succeeded for RibUpdate {
  Name: /ndn/a-site/a
  Action: REGISTER
  Route(faceid: 258, origin: nlsr, cost: 27, flags: 0x2, expires in: 3609981 milliseconds)
}
1521768906.353743 TRACE: [RibManager] onNotification: FaceEvent(Kind: created,
          FaceId: 265,
          RemoteUri: fd://32,
          LocalUri: unix:///run/c.sock,
          FaceScope: local,
          FacePersistency: on-demand,
          LinkType: point-to-point,
          Flags: 0x4
          )
1521768906.362092 TRACE: [RibManager] onNotification: FaceEvent(Kind: destroyed,
          FaceId: 265,
          RemoteUri: fd://32,
          LocalUri: unix:///run/c.sock,
          FaceScope: local,
          FacePersistency: on-demand,
          LinkType: point-to-point,
          Flags: 0x4
          )
1521768906.362121 DEBUG: [RibManager] Received notification for destroyed faceId: 265
1521768906.377981 TRACE: [RibManager] onNotification: FaceEvent(Kind: created,
          FaceId: 266,
          RemoteUri: fd://32,
          LocalUri: unix:///run/c.sock,
          FaceScope: local,
          FacePersistency: on-demand,
          LinkType: point-to-point,
          Flags: 0x4
          )
1521768906.382425 TRACE: [RibManager] onNotification: FaceEvent(Kind: destroyed,
          FaceId: 266,
          RemoteUri: fd://32,
          LocalUri: unix:///run/c.sock,
          FaceScope: local,
          FacePersistency: on-demand,
          LinkType: point-to-point,
          Flags: 0x4
          )
1521768906.382456 DEBUG: [RibManager] Received notification for destroyed faceId: 266
1521768907.655453 TRACE: [RibManager] onNotification: FaceEvent(Kind: created,
          FaceId: 267,
          RemoteUri: fd://32,
          LocalUri: unix:///run/c.sock,
          FaceScope: local,
          FacePersistency: on-demand,
          LinkType: point-to-point,
          Flags: 0x4
          )
1521768907.856948 TRACE: [RibManager] onNotification: FaceEvent(Kind: created,
          FaceId: 268,
          RemoteUri: fd://33,
          LocalUri: unix:///run/c.sock,
          FaceScope: local,
          FacePersistency: on-demand,
          LinkType: point-to-point,
          Flags: 0x4
          )
1521768908.057684 TRACE: [RibManager] onNotification: FaceEvent(Kind: created,
          FaceId: 269,
          RemoteUri: fd://34,
          LocalUri: unix:///run/c.sock,
          FaceScope: local,
          FacePersistency: on-demand,
          LinkType: point-to-point,
          Flags: 0x4
          )
1521768911.839820 TRACE: [RibManager] onNotification: FaceEvent(Kind: destroyed,
          FaceId: 267,
          RemoteUri: fd://32,
          LocalUri: unix:///run/c.sock,
          FaceScope: local,
          FacePersistency: on-demand,
          LinkType: point-to-point,
          Flags: 0x4
          )
1521768911.839853 DEBUG: [RibManager] Received notification for destroyed faceId: 267
1521768911.912523 TRACE: [RibManager] onNotification: FaceEvent(Kind: destroyed,
          FaceId: 268,
          RemoteUri: fd://33,
          LocalUri: unix:///run/c.sock,
          FaceScope: local,
          FacePersistency: on-demand,
          LinkType: point-to-point,
          Flags: 0x4
          )
1521768911.912552 DEBUG: [RibManager] Received notification for destroyed faceId: 268
1521768912.151604 TRACE: [RibManager] onNotification: FaceEvent(Kind: destroyed,
          FaceId: 269,
          RemoteUri: fd://34,
          LocalUri: unix:///run/c.sock,
          FaceScope: local,
          FacePersistency: on-demand,
          LinkType: point-to-point,
          Flags: 0x4
          )
1521768912.151637 DEBUG: [RibManager] Received notification for destroyed faceId: 269
