1521777011.882986 INFO: [Main] NFD version 0.6.1-15-g3cf75dc starting
1521777011.883022 INFO: [Main] Built with GNU C++ version 4.9.4, with GNU libstdc++ version 20160726, with Boost version 1.55.0, with libpcap version 1.5.3, without WebSocket++, with ndn-cxx version 0.6.1-commit-92e4d5c
1521777011.908549 INFO: [RibManager] Start monitoring face create/destroy events
1521777011.926595 DEBUG: [RibManager] Successfully registered /localhost/nfd with NFD
1521777011.926741 TRACE: [RibManager] onNotification: FaceEvent(Kind: created,
          FaceId: 256,
          RemoteUri: fd://20,
          LocalUri: unix:///run/b.sock,
          FaceScope: local,
          FacePersistency: on-demand,
          LinkType: point-to-point,
          Flags: 0x4
          )
1521777011.926911 DEBUG: [RibManager] Local fields enabled
1521777014.236067 TRACE: [RibManager] onNotification: FaceEvent(Kind: created,
          FaceId: 257,
          RemoteUri: fd://21,
          LocalUri: unix:///run/b.sock,
          FaceScope: local,
          FacePersistency: on-demand,
          LinkType: point-to-point,
          Flags: 0x4
          )
1521777014.244872 TRACE: [RibManager] onNotification: FaceEvent(Kind: created,
          FaceId: 258,
          RemoteUri: udp4://1.0.0.1:6363,
          LocalUri: udp4://1.0.0.2:6363,
          FaceScope: non-local,
          FacePersistency: permanent,
          LinkType: point-to-point,
          Flags: 0x4
          )
1521777014.249209 TRACE: [RibManager] onNotification: FaceEvent(Kind: destroyed,
          FaceId: 257,
          RemoteUri: fd://21,
          LocalUri: unix:///run/b.sock,
          FaceScope: local,
          FacePersistency: on-demand,
          LinkType: point-to-point,
          Flags: 0x4
          )
1521777014.249233 DEBUG: [RibManager] Received notification for destroyed faceId: 257
1521777014.267696 TRACE: [RibManager] onNotification: FaceEvent(Kind: created,
          FaceId: 259,
          RemoteUri: fd://21,
          LocalUri: unix:///run/b.sock,
          FaceScope: local,
          FacePersistency: on-demand,
          LinkType: point-to-point,
          Flags: 0x4
          )
1521777014.274655 TRACE: [RibManager] onNotification: FaceEvent(Kind: created,
          FaceId: 260,
          RemoteUri: udp4://1.0.0.10:6363,
          LocalUri: udp4://1.0.0.9:6363,
          FaceScope: non-local,
          FacePersistency: permanent,
          LinkType: point-to-point,
          Flags: 0x4
          )
1521777014.278475 TRACE: [RibManager] onNotification: FaceEvent(Kind: destroyed,
          FaceId: 259,
          RemoteUri: fd://21,
          LocalUri: unix:///run/b.sock,
          FaceScope: local,
          FacePersistency: on-demand,
          LinkType: point-to-point,
          Flags: 0x4
          )
1521777014.278504 DEBUG: [RibManager] Received notification for destroyed faceId: 259
1521777014.349650 TRACE: [RibManager] onNotification: FaceEvent(Kind: created,
          FaceId: 261,
          RemoteUri: fd://21,
          LocalUri: unix:///run/b.sock,
          FaceScope: local,
          FacePersistency: on-demand,
          LinkType: point-to-point,
          Flags: 0x4
          )
1521777014.356133 INFO: [RibManager] Adding route /localhop/ndn/NLSR/sync/%FD%04 nexthop=261 origin=app cost=0
1521777014.372581 INFO: [RibManager] Adding route /localhop/ndn/NLSR/LSA/b-site/%C1.Router/cs/b/NAME nexthop=261 origin=app cost=0
1521777014.375619 INFO: [RibManager] Adding route /localhop/ndn/NLSR/LSA/b-site/%C1.Router/cs/b/COORDINATE nexthop=261 origin=app cost=0
1521777014.379262 INFO: [RibManager] Adding route /ndn/b-site/%C1.Router/cs/b/NLSR/INFO nexthop=261 origin=app cost=0
1521777014.383087 INFO: [RibManager] Adding route /localhop/ndn/NLSR/LSA nexthop=261 origin=app cost=0
1521777014.386597 INFO: [RibManager] Adding route /ndn/b-site/%C1.Router/cs/b/NLSR/KEY nexthop=261 origin=app cost=0
1521777014.389943 INFO: [RibManager] Adding route /ndn/b-site/%C1.Router/cs/b/KEY nexthop=261 origin=app cost=0
1521777014.393284 INFO: [RibManager] Adding route /ndn/b-site/%C1.Operator nexthop=261 origin=app cost=0
1521777014.396607 INFO: [RibManager] Adding route /ndn/b-site/KEY nexthop=261 origin=app cost=0
1521777014.399686 INFO: [RibManager] Adding route /localhost/nlsr nexthop=261 origin=app cost=0
1521777014.399843 DEBUG: [RibManager] RIB update succeeded for RibUpdate {
  Name: /localhop/ndn/NLSR/sync/%FD%04
  Action: REGISTER
  Route(faceid: 261, origin: app, cost: 0, flags: 0x1, never expires)
}
1521777014.406134 INFO: [RibManager] Adding route /ndn/a-site/%C1.Router/cs/a nexthop=258 origin=nlsr cost=0
1521777014.409273 INFO: [RibManager] Adding route /localhop/ndn/NLSR/sync/%FD%04 nexthop=258 origin=nlsr cost=0
1521777014.412163 INFO: [RibManager] Adding route /localhop/ndn/NLSR/LSA nexthop=258 origin=nlsr cost=0
1521777014.415059 INFO: [RibManager] Adding route /ndn/d-site/%C1.Router/cs/d nexthop=260 origin=nlsr cost=0
1521777014.417956 INFO: [RibManager] Adding route /localhop/ndn/NLSR/sync/%FD%04 nexthop=260 origin=nlsr cost=0
1521777014.420840 INFO: [RibManager] Adding route /localhop/ndn/NLSR/LSA nexthop=260 origin=nlsr cost=0
1521777014.425827 DEBUG: [RibManager] RIB update succeeded for RibUpdate {
  Name: /localhop/ndn/NLSR/LSA/b-site/%C1.Router/cs/b/NAME
  Action: REGISTER
  Route(faceid: 261, origin: app, cost: 0, flags: 0x1, never expires)
}
1521777014.433235 DEBUG: [RibManager] RIB update succeeded for RibUpdate {
  Name: /localhop/ndn/NLSR/LSA/b-site/%C1.Router/cs/b/COORDINATE
  Action: REGISTER
  Route(faceid: 261, origin: app, cost: 0, flags: 0x1, never expires)
}
1521777014.440325 DEBUG: [RibManager] RIB update succeeded for RibUpdate {
  Name: /ndn/b-site/%C1.Router/cs/b/NLSR/INFO
  Action: REGISTER
  Route(faceid: 261, origin: app, cost: 0, flags: 0x2, never expires)
}
1521777014.447207 DEBUG: [RibManager] RIB update succeeded for RibUpdate {
  Name: /localhop/ndn/NLSR/LSA
  Action: REGISTER
  Route(faceid: 261, origin: app, cost: 0, flags: 0x2, never expires)
}
1521777014.454052 DEBUG: [RibManager] RIB update succeeded for RibUpdate {
  Name: /ndn/b-site/%C1.Router/cs/b/NLSR/KEY
  Action: REGISTER
  Route(faceid: 261, origin: app, cost: 0, flags: 0x2, never expires)
}
1521777014.460644 DEBUG: [RibManager] RIB update succeeded for RibUpdate {
  Name: /ndn/b-site/%C1.Router/cs/b/KEY
  Action: REGISTER
  Route(faceid: 261, origin: app, cost: 0, flags: 0x2, never expires)
}
1521777014.467040 DEBUG: [RibManager] RIB update succeeded for RibUpdate {
  Name: /ndn/b-site/%C1.Operator
  Action: REGISTER
  Route(faceid: 261, origin: app, cost: 0, flags: 0x2, never expires)
}
1521777014.473369 DEBUG: [RibManager] RIB update succeeded for RibUpdate {
  Name: /ndn/b-site/KEY
  Action: REGISTER
  Route(faceid: 261, origin: app, cost: 0, flags: 0x2, never expires)
}
1521777014.479669 DEBUG: [RibManager] RIB update succeeded for RibUpdate {
  Name: /localhost/nlsr
  Action: REGISTER
  Route(faceid: 261, origin: app, cost: 0, flags: 0x1, never expires)
}
1521777014.486015 DEBUG: [RibManager] RIB update succeeded for RibUpdate {
  Name: /ndn/a-site/%C1.Router/cs/a
  Action: REGISTER
  Route(faceid: 258, origin: nlsr, cost: 0, flags: 0x2, never expires)
}
1521777014.492283 DEBUG: [RibManager] RIB update succeeded for RibUpdate {
  Name: /localhop/ndn/NLSR/sync/%FD%04
  Action: REGISTER
  Route(faceid: 258, origin: nlsr, cost: 0, flags: 0x2, never expires)
}
1521777014.498461 DEBUG: [RibManager] RIB update succeeded for RibUpdate {
  Name: /localhop/ndn/NLSR/LSA
  Action: REGISTER
  Route(faceid: 258, origin: nlsr, cost: 0, flags: 0x2, never expires)
}
1521777014.504606 DEBUG: [RibManager] RIB update succeeded for RibUpdate {
  Name: /ndn/d-site/%C1.Router/cs/d
  Action: REGISTER
  Route(faceid: 260, origin: nlsr, cost: 0, flags: 0x2, never expires)
}
1521777014.511447 DEBUG: [RibManager] RIB update succeeded for RibUpdate {
  Name: /localhop/ndn/NLSR/sync/%FD%04
  Action: REGISTER
  Route(faceid: 260, origin: nlsr, cost: 0, flags: 0x2, never expires)
}
1521777014.517346 DEBUG: [RibManager] RIB update succeeded for RibUpdate {
  Name: /localhop/ndn/NLSR/LSA
  Action: REGISTER
  Route(faceid: 260, origin: nlsr, cost: 0, flags: 0x2, never expires)
}
1521777018.119471 TRACE: [RibManager] onNotification: FaceEvent(Kind: created,
          FaceId: 262,
          RemoteUri: fd://24,
          LocalUri: unix:///run/b.sock,
          FaceScope: local,
          FacePersistency: on-demand,
          LinkType: point-to-point,
          Flags: 0x4
          )
1521777018.128582 TRACE: [RibManager] onNotification: FaceEvent(Kind: destroyed,
          FaceId: 262,
          RemoteUri: fd://24,
          LocalUri: unix:///run/b.sock,
          FaceScope: local,
          FacePersistency: on-demand,
          LinkType: point-to-point,
          Flags: 0x4
          )
1521777018.128610 DEBUG: [RibManager] Received notification for destroyed faceId: 262
1521777018.656100 INFO: [RibManager] Adding route /ndn/b-site/b/ping nexthop=263 origin=app cost=0
1521777018.660417 TRACE: [RibManager] onNotification: FaceEvent(Kind: created,
          FaceId: 263,
          RemoteUri: fd://24,
          LocalUri: unix:///run/b.sock,
          FaceScope: local,
          FacePersistency: on-demand,
          LinkType: point-to-point,
          Flags: 0x4
          )
1521777018.665007 DEBUG: [RibManager] RIB update succeeded for RibUpdate {
  Name: /ndn/b-site/b/ping
  Action: REGISTER
  Route(faceid: 263, origin: app, cost: 0, flags: 0x1, never expires)
}
1521777020.017929 TRACE: [RibManager] onNotification: FaceEvent(Kind: created,
          FaceId: 264,
          RemoteUri: ether://[01:00:5e:00:17:aa],
          LocalUri: dev://b-eth0,
          FaceScope: non-local,
          FacePersistency: permanent,
          LinkType: multi-access,
          Flags: 0x0
          )
1521777020.018505 TRACE: [RibManager] onNotification: FaceEvent(Kind: created,
          FaceId: 265,
          RemoteUri: ether://[01:00:5e:00:17:aa],
          LocalUri: dev://b-eth1,
          FaceScope: non-local,
          FacePersistency: permanent,
          LinkType: multi-access,
          Flags: 0x0
          )
1521777020.018912 TRACE: [RibManager] onNotification: FaceEvent(Kind: created,
          FaceId: 266,
          RemoteUri: udp4://224.0.23.170:56363,
          LocalUri: udp4://1.0.0.2:47183,
          FaceScope: non-local,
          FacePersistency: permanent,
          LinkType: multi-access,
          Flags: 0x4
          )
1521777020.019306 TRACE: [RibManager] onNotification: FaceEvent(Kind: created,
          FaceId: 267,
          RemoteUri: udp6://[ff02::1234%2]:56363,
          LocalUri: udp6://[fe80::34a0:adff:fed4:b933%b-eth0]:42487,
          FaceScope: non-local,
          FacePersistency: permanent,
          LinkType: multi-access,
          Flags: 0x4
          )
1521777020.019722 TRACE: [RibManager] onNotification: FaceEvent(Kind: created,
          FaceId: 268,
          RemoteUri: udp4://224.0.23.170:56363,
          LocalUri: udp4://1.0.0.9:37324,
          FaceScope: non-local,
          FacePersistency: permanent,
          LinkType: multi-access,
          Flags: 0x4
          )
1521777020.020190 TRACE: [RibManager] onNotification: FaceEvent(Kind: created,
          FaceId: 269,
          RemoteUri: udp6://[ff02::1234%3]:56363,
          LocalUri: udp6://[fe80::f07b:cfff:fe79:18c2%b-eth1]:56623,
          FaceScope: non-local,
          FacePersistency: permanent,
          LinkType: multi-access,
          Flags: 0x4
          )
1521777043.677881 TRACE: [RibManager] Scheduled unregistration at: 4337254349510814 nanoseconds since boot with EventId: 0x7f05e002adc0
1521777043.678004 INFO: [RibManager] Adding route /ndn/a-site/a nexthop=258 origin=nlsr cost=0
1521777043.686824 DEBUG: [RibManager] RIB update succeeded for RibUpdate {
  Name: /ndn/a-site/a
  Action: REGISTER
  Route(faceid: 258, origin: nlsr, cost: 0, flags: 0x2, expires in: 3609991 milliseconds)
}
1521777045.462000 TRACE: [RibManager] Scheduled unregistration at: 4337256133630933 nanoseconds since boot with EventId: 0x7f05e0029750
1521777045.462041 INFO: [RibManager] Adding route /ndn/d-site/d nexthop=260 origin=nlsr cost=0
1521777045.470924 DEBUG: [RibManager] RIB update succeeded for RibUpdate {
  Name: /ndn/d-site/d
  Action: REGISTER
  Route(faceid: 260, origin: nlsr, cost: 0, flags: 0x2, expires in: 3609991 milliseconds)
}
1521777058.682675 TRACE: [RibManager] Scheduled unregistration at: 4337269354305922 nanoseconds since boot with EventId: 0x7f05e003f620
1521777058.682715 INFO: [RibManager] Adding route /ndn/d-site/d nexthop=260 origin=nlsr cost=0
1521777058.682758 TRACE: [Rib] Cancelling expiration event for /ndn/d-site/d Route(faceid: 260, origin: nlsr, cost: 0, flags: 0x2, expires in: 3596779 milliseconds)
1521777058.682793 DEBUG: [RibManager] RIB update succeeded for RibUpdate {
  Name: /ndn/d-site/d
  Action: REGISTER
  Route(faceid: 260, origin: nlsr, cost: 0, flags: 0x2, expires in: 3609999 milliseconds)
}
1521777058.708839 TRACE: [RibManager] Scheduled unregistration at: 4337269380471553 nanoseconds since boot with EventId: 0x7f05e003b0b0
1521777058.708874 INFO: [RibManager] Adding route /ndn/d-site/d nexthop=258 origin=nlsr cost=1336
1521777058.716462 TRACE: [RibManager] Scheduled unregistration at: 4337269388100201 nanoseconds since boot with EventId: 0x7f05e0027600
1521777058.716498 INFO: [RibManager] Adding route /ndn/c-site/c nexthop=258 origin=nlsr cost=913
1521777058.720318 TRACE: [RibManager] Scheduled unregistration at: 4337269391957334 nanoseconds since boot with EventId: 0x7f05e0034790
1521777058.720368 INFO: [RibManager] Adding route /ndn/c-site/c nexthop=260 origin=nlsr cost=2000
1521777058.723952 TRACE: [RibManager] Scheduled unregistration at: 4337269395592045 nanoseconds since boot with EventId: 0x7f05e003cde0
1521777058.723983 INFO: [RibManager] Adding route /ndn/c-site/%C1.Router/cs/c nexthop=258 origin=nlsr cost=913
1521777058.727527 TRACE: [RibManager] Scheduled unregistration at: 4337269399166586 nanoseconds since boot with EventId: 0x7f05e002b4f0
1521777058.727557 INFO: [RibManager] Adding route /ndn/c-site/%C1.Router/cs/c nexthop=260 origin=nlsr cost=2000
1521777058.731074 TRACE: [RibManager] Scheduled unregistration at: 4337269402714295 nanoseconds since boot with EventId: 0x7f05e0043a80
1521777058.731104 INFO: [RibManager] Adding route /ndn/a-site/a nexthop=258 origin=nlsr cost=0
1521777058.734485 TRACE: [RibManager] Scheduled unregistration at: 4337269406125955 nanoseconds since boot with EventId: 0x7f05e00299b0
1521777058.734513 INFO: [RibManager] Adding route /ndn/a-site/a nexthop=260 origin=nlsr cost=1336
1521777058.734665 DEBUG: [RibManager] RIB update succeeded for RibUpdate {
  Name: /ndn/d-site/d
  Action: REGISTER
  Route(faceid: 258, origin: nlsr, cost: 1336, flags: 0x2, expires in: 3609974 milliseconds)
}
1521777058.742651 DEBUG: [RibManager] RIB update succeeded for RibUpdate {
  Name: /ndn/c-site/c
  Action: REGISTER
  Route(faceid: 258, origin: nlsr, cost: 913, flags: 0x2, expires in: 3609973 milliseconds)
}
1521777058.749791 DEBUG: [RibManager] RIB update succeeded for RibUpdate {
  Name: /ndn/c-site/c
  Action: REGISTER
  Route(faceid: 260, origin: nlsr, cost: 2000, flags: 0x2, expires in: 3609970 milliseconds)
}
1521777058.756875 DEBUG: [RibManager] RIB update succeeded for RibUpdate {
  Name: /ndn/c-site/%C1.Router/cs/c
  Action: REGISTER
  Route(faceid: 258, origin: nlsr, cost: 913, flags: 0x2, expires in: 3609967 milliseconds)
}
1521777058.763657 DEBUG: [RibManager] RIB update succeeded for RibUpdate {
  Name: /ndn/c-site/%C1.Router/cs/c
  Action: REGISTER
  Route(faceid: 260, origin: nlsr, cost: 2000, flags: 0x2, expires in: 3609963 milliseconds)
}
1521777058.763707 TRACE: [Rib] Cancelling expiration event for /ndn/a-site/a Route(faceid: 258, origin: nlsr, cost: 0, flags: 0x2, expires in: 3594914 milliseconds)
1521777058.763729 DEBUG: [RibManager] RIB update succeeded for RibUpdate {
  Name: /ndn/a-site/a
  Action: REGISTER
  Route(faceid: 258, origin: nlsr, cost: 0, flags: 0x2, expires in: 3609967 milliseconds)
}
1521777058.770239 DEBUG: [RibManager] RIB update succeeded for RibUpdate {
  Name: /ndn/a-site/a
  Action: REGISTER
  Route(faceid: 260, origin: nlsr, cost: 1336, flags: 0x2, expires in: 3609964 milliseconds)
}
1521777079.833599 TRACE: [RibManager] onNotification: FaceEvent(Kind: created,
          FaceId: 270,
          RemoteUri: fd://25,
          LocalUri: unix:///run/b.sock,
          FaceScope: local,
          FacePersistency: on-demand,
          LinkType: point-to-point,
          Flags: 0x4
          )
1521777079.843572 TRACE: [RibManager] onNotification: FaceEvent(Kind: destroyed,
          FaceId: 270,
          RemoteUri: fd://25,
          LocalUri: unix:///run/b.sock,
          FaceScope: local,
          FacePersistency: on-demand,
          LinkType: point-to-point,
          Flags: 0x4
          )
1521777079.843603 DEBUG: [RibManager] Received notification for destroyed faceId: 270
1521777079.860014 TRACE: [RibManager] onNotification: FaceEvent(Kind: created,
          FaceId: 271,
          RemoteUri: fd://25,
          LocalUri: unix:///run/b.sock,
          FaceScope: local,
          FacePersistency: on-demand,
          LinkType: point-to-point,
          Flags: 0x4
          )
1521777079.865016 TRACE: [RibManager] onNotification: FaceEvent(Kind: destroyed,
          FaceId: 271,
          RemoteUri: fd://25,
          LocalUri: unix:///run/b.sock,
          FaceScope: local,
          FacePersistency: on-demand,
          LinkType: point-to-point,
          Flags: 0x4
          )
1521777079.865047 DEBUG: [RibManager] Received notification for destroyed faceId: 271
1521777080.582105 TRACE: [RibManager] onNotification: FaceEvent(Kind: created,
          FaceId: 272,
          RemoteUri: fd://25,
          LocalUri: unix:///run/b.sock,
          FaceScope: local,
          FacePersistency: on-demand,
          LinkType: point-to-point,
          Flags: 0x4
          )
1521777080.783520 TRACE: [RibManager] onNotification: FaceEvent(Kind: created,
          FaceId: 273,
          RemoteUri: fd://42,
          LocalUri: unix:///run/b.sock,
          FaceScope: local,
          FacePersistency: on-demand,
          LinkType: point-to-point,
          Flags: 0x4
          )
1521777080.984584 TRACE: [RibManager] onNotification: FaceEvent(Kind: created,
          FaceId: 274,
          RemoteUri: fd://43,
          LocalUri: unix:///run/b.sock,
          FaceScope: local,
          FacePersistency: on-demand,
          LinkType: point-to-point,
          Flags: 0x4
          )
