1521774795.935568 INFO: [Main] NFD version 0.6.1-15-g3cf75dc starting
1521774795.935602 INFO: [Main] Built with GNU C++ version 4.9.4, with GNU libstdc++ version 20160726, with Boost version 1.55.0, with libpcap version 1.5.3, without WebSocket++, with ndn-cxx version 0.6.1-commit-92e4d5c
1521774795.961513 INFO: [RibManager] Start monitoring face create/destroy events
1521774795.976206 DEBUG: [RibManager] Successfully registered /localhost/nfd with NFD
1521774795.976338 TRACE: [RibManager] onNotification: FaceEvent(Kind: created,
          FaceId: 256,
          RemoteUri: fd://20,
          LocalUri: unix:///run/d.sock,
          FaceScope: local,
          FacePersistency: on-demand,
          LinkType: point-to-point,
          Flags: 0x4
          )
1521774795.976536 DEBUG: [RibManager] Local fields enabled
1521774799.632009 TRACE: [RibManager] onNotification: FaceEvent(Kind: created,
          FaceId: 257,
          RemoteUri: fd://21,
          LocalUri: unix:///run/d.sock,
          FaceScope: local,
          FacePersistency: on-demand,
          LinkType: point-to-point,
          Flags: 0x4
          )
1521774799.640904 TRACE: [RibManager] onNotification: FaceEvent(Kind: created,
          FaceId: 258,
          RemoteUri: udp4://1.0.0.9:6363,
          LocalUri: udp4://1.0.0.10:6363,
          FaceScope: non-local,
          FacePersistency: permanent,
          LinkType: point-to-point,
          Flags: 0x4
          )
1521774799.644992 TRACE: [RibManager] onNotification: FaceEvent(Kind: destroyed,
          FaceId: 257,
          RemoteUri: fd://21,
          LocalUri: unix:///run/d.sock,
          FaceScope: local,
          FacePersistency: on-demand,
          LinkType: point-to-point,
          Flags: 0x4
          )
1521774799.645021 DEBUG: [RibManager] Received notification for destroyed faceId: 257
1521774799.712961 TRACE: [RibManager] onNotification: FaceEvent(Kind: created,
          FaceId: 259,
          RemoteUri: fd://21,
          LocalUri: unix:///run/d.sock,
          FaceScope: local,
          FacePersistency: on-demand,
          LinkType: point-to-point,
          Flags: 0x4
          )
1521774799.719381 INFO: [RibManager] Adding route /localhop/ndn/NLSR/sync/%FD%04 nexthop=259 origin=app cost=0
1521774799.735312 INFO: [RibManager] Adding route /localhop/ndn/NLSR/LSA/d-site/%C1.Router/cs/d/NAME nexthop=259 origin=app cost=0
1521774799.739406 INFO: [RibManager] Adding route /localhop/ndn/NLSR/LSA/d-site/%C1.Router/cs/d/ADJACENCY nexthop=259 origin=app cost=0
1521774799.743264 INFO: [RibManager] Adding route /ndn/d-site/%C1.Router/cs/d/NLSR/INFO nexthop=259 origin=app cost=0
1521774799.746918 INFO: [RibManager] Adding route /localhop/ndn/NLSR/LSA nexthop=259 origin=app cost=0
1521774799.750466 INFO: [RibManager] Adding route /ndn/d-site/%C1.Router/cs/d/NLSR/KEY nexthop=259 origin=app cost=0
1521774799.754009 INFO: [RibManager] Adding route /ndn/d-site/%C1.Router/cs/d/KEY nexthop=259 origin=app cost=0
1521774799.757519 INFO: [RibManager] Adding route /ndn/d-site/%C1.Operator nexthop=259 origin=app cost=0
1521774799.760820 INFO: [RibManager] Adding route /ndn/d-site/KEY nexthop=259 origin=app cost=0
1521774799.764099 INFO: [RibManager] Adding route /localhost/nlsr nexthop=259 origin=app cost=0
1521774799.764259 DEBUG: [RibManager] RIB update succeeded for RibUpdate {
  Name: /localhop/ndn/NLSR/sync/%FD%04
  Action: REGISTER
  Route(faceid: 259, origin: app, cost: 0, flags: 0x1, never expires)
}
1521774799.770804 INFO: [RibManager] Adding route /ndn/b-site/%C1.Router/cs/b nexthop=258 origin=nlsr cost=45
1521774799.773887 INFO: [RibManager] Adding route /localhop/ndn/NLSR/sync/%FD%04 nexthop=258 origin=nlsr cost=45
1521774799.776990 INFO: [RibManager] Adding route /localhop/ndn/NLSR/LSA nexthop=258 origin=nlsr cost=45
1521774799.782059 DEBUG: [RibManager] RIB update succeeded for RibUpdate {
  Name: /localhop/ndn/NLSR/LSA/d-site/%C1.Router/cs/d/NAME
  Action: REGISTER
  Route(faceid: 259, origin: app, cost: 0, flags: 0x1, never expires)
}
1521774799.789741 DEBUG: [RibManager] RIB update succeeded for RibUpdate {
  Name: /localhop/ndn/NLSR/LSA/d-site/%C1.Router/cs/d/ADJACENCY
  Action: REGISTER
  Route(faceid: 259, origin: app, cost: 0, flags: 0x1, never expires)
}
1521774799.797250 DEBUG: [RibManager] RIB update succeeded for RibUpdate {
  Name: /ndn/d-site/%C1.Router/cs/d/NLSR/INFO
  Action: REGISTER
  Route(faceid: 259, origin: app, cost: 0, flags: 0x2, never expires)
}
1521774799.804347 DEBUG: [RibManager] RIB update succeeded for RibUpdate {
  Name: /localhop/ndn/NLSR/LSA
  Action: REGISTER
  Route(faceid: 259, origin: app, cost: 0, flags: 0x2, never expires)
}
1521774799.811328 DEBUG: [RibManager] RIB update succeeded for RibUpdate {
  Name: /ndn/d-site/%C1.Router/cs/d/NLSR/KEY
  Action: REGISTER
  Route(faceid: 259, origin: app, cost: 0, flags: 0x2, never expires)
}
1521774799.818193 DEBUG: [RibManager] RIB update succeeded for RibUpdate {
  Name: /ndn/d-site/%C1.Router/cs/d/KEY
  Action: REGISTER
  Route(faceid: 259, origin: app, cost: 0, flags: 0x2, never expires)
}
1521774799.824975 DEBUG: [RibManager] RIB update succeeded for RibUpdate {
  Name: /ndn/d-site/%C1.Operator
  Action: REGISTER
  Route(faceid: 259, origin: app, cost: 0, flags: 0x2, never expires)
}
1521774799.831396 DEBUG: [RibManager] RIB update succeeded for RibUpdate {
  Name: /ndn/d-site/KEY
  Action: REGISTER
  Route(faceid: 259, origin: app, cost: 0, flags: 0x2, never expires)
}
1521774799.837667 DEBUG: [RibManager] RIB update succeeded for RibUpdate {
  Name: /localhost/nlsr
  Action: REGISTER
  Route(faceid: 259, origin: app, cost: 0, flags: 0x1, never expires)
}
1521774799.843730 DEBUG: [RibManager] RIB update succeeded for RibUpdate {
  Name: /ndn/b-site/%C1.Router/cs/b
  Action: REGISTER
  Route(faceid: 258, origin: nlsr, cost: 45, flags: 0x2, never expires)
}
1521774799.849604 DEBUG: [RibManager] RIB update succeeded for RibUpdate {
  Name: /localhop/ndn/NLSR/sync/%FD%04
  Action: REGISTER
  Route(faceid: 258, origin: nlsr, cost: 45, flags: 0x2, never expires)
}
1521774799.855276 DEBUG: [RibManager] RIB update succeeded for RibUpdate {
  Name: /localhop/ndn/NLSR/LSA
  Action: REGISTER
  Route(faceid: 258, origin: nlsr, cost: 45, flags: 0x2, never expires)
}
1521774802.281890 TRACE: [RibManager] onNotification: FaceEvent(Kind: created,
          FaceId: 260,
          RemoteUri: fd://23,
          LocalUri: unix:///run/d.sock,
          FaceScope: local,
          FacePersistency: on-demand,
          LinkType: point-to-point,
          Flags: 0x4
          )
1521774802.290408 TRACE: [RibManager] onNotification: FaceEvent(Kind: destroyed,
          FaceId: 260,
          RemoteUri: fd://23,
          LocalUri: unix:///run/d.sock,
          FaceScope: local,
          FacePersistency: on-demand,
          LinkType: point-to-point,
          Flags: 0x4
          )
1521774802.290434 DEBUG: [RibManager] Received notification for destroyed faceId: 260
1521774802.467634 TRACE: [RibManager] onNotification: FaceEvent(Kind: created,
          FaceId: 261,
          RemoteUri: ether://[01:00:5e:00:17:aa],
          LocalUri: dev://d-eth0,
          FaceScope: non-local,
          FacePersistency: permanent,
          LinkType: multi-access,
          Flags: 0x0
          )
1521774802.468071 TRACE: [RibManager] onNotification: FaceEvent(Kind: created,
          FaceId: 262,
          RemoteUri: udp4://224.0.23.170:56363,
          LocalUri: udp4://1.0.0.10:60918,
          FaceScope: non-local,
          FacePersistency: permanent,
          LinkType: multi-access,
          Flags: 0x4
          )
1521774802.468581 TRACE: [RibManager] onNotification: FaceEvent(Kind: created,
          FaceId: 263,
          RemoteUri: udp6://[ff02::1234%2]:56363,
          LocalUri: udp6://[fe80::a86a:44ff:fe8c:e59%d-eth0]:47525,
          FaceScope: non-local,
          FacePersistency: permanent,
          LinkType: multi-access,
          Flags: 0x4
          )
1521774802.818628 INFO: [RibManager] Adding route /ndn/d-site/d/ping nexthop=264 origin=app cost=0
1521774802.822927 TRACE: [RibManager] onNotification: FaceEvent(Kind: created,
          FaceId: 264,
          RemoteUri: fd://23,
          LocalUri: unix:///run/d.sock,
          FaceScope: local,
          FacePersistency: on-demand,
          LinkType: point-to-point,
          Flags: 0x4
          )
1521774802.829159 DEBUG: [RibManager] RIB update succeeded for RibUpdate {
  Name: /ndn/d-site/d/ping
  Action: REGISTER
  Route(faceid: 264, origin: app, cost: 0, flags: 0x1, never expires)
}
1521774842.758369 TRACE: [RibManager] Scheduled unregistration at: 4335053429998757 nanoseconds since boot with EventId: 0x7efde8038480
1521774842.758461 INFO: [RibManager] Adding route /ndn/c-site/c nexthop=258 origin=nlsr cost=91
1521774842.766898 DEBUG: [RibManager] RIB update succeeded for RibUpdate {
  Name: /ndn/c-site/c
  Action: REGISTER
  Route(faceid: 258, origin: nlsr, cost: 91, flags: 0x2, expires in: 3609991 milliseconds)
}
1521774842.774960 TRACE: [RibManager] Scheduled unregistration at: 4335053446592894 nanoseconds since boot with EventId: 0x7efde802c580
1521774842.774996 INFO: [RibManager] Adding route /ndn/c-site/%C1.Router/cs/c nexthop=258 origin=nlsr cost=91
1521774842.782483 TRACE: [RibManager] Scheduled unregistration at: 4335053454122772 nanoseconds since boot with EventId: 0x7efde802c5f0
1521774842.782515 INFO: [RibManager] Adding route /ndn/b-site/b nexthop=258 origin=nlsr cost=45
1521774842.786830 TRACE: [RibManager] Scheduled unregistration at: 4335053458464414 nanoseconds since boot with EventId: 0x7efde80380e0
1521774842.786878 INFO: [RibManager] Adding route /ndn/a-site/a nexthop=258 origin=nlsr cost=64
1521774842.791015 TRACE: [RibManager] Scheduled unregistration at: 4335053462652732 nanoseconds since boot with EventId: 0x7efde8031b60
1521774842.791053 INFO: [RibManager] Adding route /ndn/a-site/%C1.Router/cs/a nexthop=258 origin=nlsr cost=64
1521774842.791305 DEBUG: [RibManager] RIB update succeeded for RibUpdate {
  Name: /ndn/c-site/%C1.Router/cs/c
  Action: REGISTER
  Route(faceid: 258, origin: nlsr, cost: 91, flags: 0x2, expires in: 3609983 milliseconds)
}
1521774842.799476 DEBUG: [RibManager] RIB update succeeded for RibUpdate {
  Name: /ndn/b-site/b
  Action: REGISTER
  Route(faceid: 258, origin: nlsr, cost: 45, flags: 0x2, expires in: 3609982 milliseconds)
}
1521774842.807122 DEBUG: [RibManager] RIB update succeeded for RibUpdate {
  Name: /ndn/a-site/a
  Action: REGISTER
  Route(faceid: 258, origin: nlsr, cost: 64, flags: 0x2, expires in: 3609979 milliseconds)
}
1521774842.814642 DEBUG: [RibManager] RIB update succeeded for RibUpdate {
  Name: /ndn/a-site/%C1.Router/cs/a
  Action: REGISTER
  Route(faceid: 258, origin: nlsr, cost: 64, flags: 0x2, expires in: 3609976 milliseconds)
}
1521774863.020484 TRACE: [RibManager] onNotification: FaceEvent(Kind: created,
          FaceId: 265,
          RemoteUri: fd://32,
          LocalUri: unix:///run/d.sock,
          FaceScope: local,
          FacePersistency: on-demand,
          LinkType: point-to-point,
          Flags: 0x4
          )
1521774863.029803 TRACE: [RibManager] onNotification: FaceEvent(Kind: destroyed,
          FaceId: 265,
          RemoteUri: fd://32,
          LocalUri: unix:///run/d.sock,
          FaceScope: local,
          FacePersistency: on-demand,
          LinkType: point-to-point,
          Flags: 0x4
          )
1521774863.029834 DEBUG: [RibManager] Received notification for destroyed faceId: 265
1521774863.045979 TRACE: [RibManager] onNotification: FaceEvent(Kind: created,
          FaceId: 266,
          RemoteUri: fd://32,
          LocalUri: unix:///run/d.sock,
          FaceScope: local,
          FacePersistency: on-demand,
          LinkType: point-to-point,
          Flags: 0x4
          )
1521774863.050633 TRACE: [RibManager] onNotification: FaceEvent(Kind: destroyed,
          FaceId: 266,
          RemoteUri: fd://32,
          LocalUri: unix:///run/d.sock,
          FaceScope: local,
          FacePersistency: on-demand,
          LinkType: point-to-point,
          Flags: 0x4
          )
1521774863.050663 DEBUG: [RibManager] Received notification for destroyed faceId: 266
1521774864.877054 TRACE: [RibManager] onNotification: FaceEvent(Kind: created,
          FaceId: 267,
          RemoteUri: fd://32,
          LocalUri: unix:///run/d.sock,
          FaceScope: local,
          FacePersistency: on-demand,
          LinkType: point-to-point,
          Flags: 0x4
          )
1521774865.078459 TRACE: [RibManager] onNotification: FaceEvent(Kind: created,
          FaceId: 268,
          RemoteUri: fd://33,
          LocalUri: unix:///run/d.sock,
          FaceScope: local,
          FacePersistency: on-demand,
          LinkType: point-to-point,
          Flags: 0x4
          )
1521774865.279230 TRACE: [RibManager] onNotification: FaceEvent(Kind: created,
          FaceId: 269,
          RemoteUri: fd://34,
          LocalUri: unix:///run/d.sock,
          FaceScope: local,
          FacePersistency: on-demand,
          LinkType: point-to-point,
          Flags: 0x4
          )
1521774869.007145 TRACE: [RibManager] onNotification: FaceEvent(Kind: destroyed,
          FaceId: 267,
          RemoteUri: fd://32,
          LocalUri: unix:///run/d.sock,
          FaceScope: local,
          FacePersistency: on-demand,
          LinkType: point-to-point,
          Flags: 0x4
          )
1521774869.007177 DEBUG: [RibManager] Received notification for destroyed faceId: 267
1521774869.169727 TRACE: [RibManager] onNotification: FaceEvent(Kind: destroyed,
          FaceId: 268,
          RemoteUri: fd://33,
          LocalUri: unix:///run/d.sock,
          FaceScope: local,
          FacePersistency: on-demand,
          LinkType: point-to-point,
          Flags: 0x4
          )
1521774869.169758 DEBUG: [RibManager] Received notification for destroyed faceId: 268
1521774869.463517 TRACE: [RibManager] onNotification: FaceEvent(Kind: destroyed,
          FaceId: 269,
          RemoteUri: fd://34,
          LocalUri: unix:///run/d.sock,
          FaceScope: local,
          FacePersistency: on-demand,
          LinkType: point-to-point,
          Flags: 0x4
          )
1521774869.463549 DEBUG: [RibManager] Received notification for destroyed faceId: 269
